{"/home/travis/build/npmtest/node-npmtest-datastructures-js/test.js":{"path":"/home/travis/build/npmtest/node-npmtest-datastructures-js/test.js","s":{"1":2,"2":2,"3":2,"4":2,"5":2,"6":2,"7":2,"8":1,"9":2,"10":2,"11":1,"12":1,"13":1,"14":1,"15":2,"16":2,"17":2,"18":2,"19":1,"20":1,"21":2,"22":2,"23":2,"24":1,"25":1,"26":1,"27":1,"28":1,"29":1,"30":1,"31":1,"32":1,"33":1,"34":1,"35":1,"36":1,"37":1,"38":1,"39":2,"40":2,"41":1,"42":2,"43":2,"44":1,"45":2,"46":2,"47":1,"48":2,"49":2,"50":1,"51":1,"52":1,"53":1,"54":1},"b":{"1":[2,1,1,1],"2":[1,1,1,1],"3":[1,1],"4":[1,1],"5":[1,1],"6":[1,1],"7":[1,1],"8":[1,1],"9":[1,1],"10":[1,1,1],"11":[1,1],"12":[1,1],"13":[1,1],"14":[1,1],"15":[1,1],"16":[1,1],"17":[1,1]},"f":{"1":2,"2":2,"3":2,"4":2,"5":2,"6":1,"7":1,"8":1,"9":2,"10":2,"11":2,"12":2,"13":1},"fnMap":{"1":{"name":"(anonymous_1)","line":12,"loc":{"start":{"line":12,"column":1},"end":{"line":12,"column":13}}},"2":{"name":"(anonymous_2)","line":19,"loc":{"start":{"line":19,"column":5},"end":{"line":19,"column":17}}},"3":{"name":"(anonymous_3)","line":23,"loc":{"start":{"line":23,"column":24},"end":{"line":23,"column":36}}},"4":{"name":"(anonymous_4)","line":61,"loc":{"start":{"line":61,"column":5},"end":{"line":61,"column":17}}},"5":{"name":"(anonymous_5)","line":82,"loc":{"start":{"line":82,"column":5},"end":{"line":82,"column":17}}},"6":{"name":"(anonymous_6)","line":91,"loc":{"start":{"line":91,"column":77},"end":{"line":94,"column":10}}},"7":{"name":"(anonymous_7)","line":112,"loc":{"start":{"line":112,"column":83},"end":{"line":115,"column":10}},"skip":true},"8":{"name":"(anonymous_8)","line":123,"loc":{"start":{"line":123,"column":77},"end":{"line":126,"column":10}},"skip":true},"9":{"name":"(anonymous_9)","line":139,"loc":{"start":{"line":139,"column":12},"end":{"line":139,"column":40}},"skip":true},"10":{"name":"(anonymous_10)","line":147,"loc":{"start":{"line":147,"column":77},"end":{"line":150,"column":10}},"skip":true},"11":{"name":"(anonymous_11)","line":158,"loc":{"start":{"line":158,"column":83},"end":{"line":161,"column":10}},"skip":true},"12":{"name":"(anonymous_12)","line":169,"loc":{"start":{"line":169,"column":79},"end":{"line":172,"column":10}},"skip":true},"13":{"name":"(anonymous_13)","line":180,"loc":{"start":{"line":180,"column":75},"end":{"line":183,"column":10}},"skip":true}},"statementMap":{"1":{"start":{"line":12,"column":0},"end":{"line":195,"column":5}},"2":{"start":{"line":14,"column":4},"end":{"line":14,"column":14}},"3":{"start":{"line":19,"column":4},"end":{"line":56,"column":9}},"4":{"start":{"line":21,"column":8},"end":{"line":21,"column":19}},"5":{"start":{"line":23,"column":8},"end":{"line":35,"column":13}},"6":{"start":{"line":24,"column":12},"end":{"line":34,"column":13}},"7":{"start":{"line":25,"column":16},"end":{"line":28,"column":30}},"8":{"start":{"line":30,"column":16},"end":{"line":33,"column":27}},"9":{"start":{"line":37,"column":8},"end":{"line":39,"column":21}},"10":{"start":{"line":40,"column":8},"end":{"line":53,"column":9}},"11":{"start":{"line":43,"column":12},"end":{"line":46,"column":14}},"12":{"start":{"line":47,"column":12},"end":{"line":47,"column":18}},"13":{"start":{"line":50,"column":12},"end":{"line":51,"column":33}},"14":{"start":{"line":52,"column":12},"end":{"line":52,"column":18}},"15":{"start":{"line":55,"column":8},"end":{"line":55,"column":35}},"16":{"start":{"line":61,"column":4},"end":{"line":63,"column":9}},"17":{"start":{"line":62,"column":8},"end":{"line":62,"column":15}},"18":{"start":{"line":64,"column":4},"end":{"line":77,"column":5}},"19":{"start":{"line":70,"column":8},"end":{"line":70,"column":14}},"20":{"start":{"line":76,"column":8},"end":{"line":76,"column":14}},"21":{"start":{"line":82,"column":4},"end":{"line":84,"column":9}},"22":{"start":{"line":83,"column":8},"end":{"line":83,"column":15}},"23":{"start":{"line":85,"column":4},"end":{"line":194,"column":5}},"24":{"start":{"line":91,"column":8},"end":{"line":99,"column":10}},"25":{"start":{"line":98,"column":12},"end":{"line":98,"column":35}},"26":{"start":{"line":102,"column":8},"end":{"line":104,"column":63}},"27":{"start":{"line":105,"column":8},"end":{"line":105,"column":14}},"28":{"start":{"line":112,"column":8},"end":{"line":121,"column":10},"skip":true},"29":{"start":{"line":119,"column":12},"end":{"line":119,"column":55},"skip":true},"30":{"start":{"line":120,"column":12},"end":{"line":120,"column":48},"skip":true},"31":{"start":{"line":123,"column":8},"end":{"line":136,"column":10},"skip":true},"32":{"start":{"line":130,"column":12},"end":{"line":130,"column":76},"skip":true},"33":{"start":{"line":131,"column":12},"end":{"line":131,"column":73},"skip":true},"34":{"start":{"line":132,"column":12},"end":{"line":132,"column":74},"skip":true},"35":{"start":{"line":133,"column":12},"end":{"line":133,"column":79},"skip":true},"36":{"start":{"line":134,"column":12},"end":{"line":134,"column":25},"skip":true},"37":{"start":{"line":135,"column":12},"end":{"line":135,"column":45},"skip":true},"38":{"start":{"line":138,"column":8},"end":{"line":145,"column":14},"skip":true},"39":{"start":{"line":143,"column":16},"end":{"line":143,"column":29},"skip":true},"40":{"start":{"line":144,"column":16},"end":{"line":144,"column":55},"skip":true},"41":{"start":{"line":147,"column":8},"end":{"line":156,"column":10},"skip":true},"42":{"start":{"line":154,"column":12},"end":{"line":154,"column":25},"skip":true},"43":{"start":{"line":155,"column":12},"end":{"line":155,"column":45},"skip":true},"44":{"start":{"line":158,"column":8},"end":{"line":167,"column":10},"skip":true},"45":{"start":{"line":165,"column":12},"end":{"line":165,"column":25},"skip":true},"46":{"start":{"line":166,"column":12},"end":{"line":166,"column":48},"skip":true},"47":{"start":{"line":169,"column":8},"end":{"line":178,"column":10},"skip":true},"48":{"start":{"line":176,"column":12},"end":{"line":176,"column":25},"skip":true},"49":{"start":{"line":177,"column":12},"end":{"line":177,"column":46},"skip":true},"50":{"start":{"line":180,"column":8},"end":{"line":189,"column":10},"skip":true},"51":{"start":{"line":187,"column":12},"end":{"line":187,"column":94},"skip":true},"52":{"start":{"line":188,"column":12},"end":{"line":188,"column":48},"skip":true},"53":{"start":{"line":192,"column":8},"end":{"line":192,"column":35},"skip":true},"54":{"start":{"line":193,"column":8},"end":{"line":193,"column":14},"skip":true}},"branchMap":{"1":{"line":25,"type":"binary-expr","locations":[{"start":{"line":25,"column":23},"end":{"line":25,"column":62}},{"start":{"line":26,"column":20},"end":{"line":26,"column":70}},{"start":{"line":27,"column":20},"end":{"line":27,"column":71}},{"start":{"line":28,"column":20},"end":{"line":28,"column":29}}]},"2":{"line":30,"type":"binary-expr","locations":[{"start":{"line":30,"column":23},"end":{"line":30,"column":37}},{"start":{"line":31,"column":20},"end":{"line":31,"column":61}},{"start":{"line":32,"column":20},"end":{"line":32,"column":70}},{"start":{"line":33,"column":20},"end":{"line":33,"column":26}}]},"3":{"line":37,"type":"cond-expr","locations":[{"start":{"line":38,"column":14},"end":{"line":38,"column":20}},{"start":{"line":39,"column":14},"end":{"line":39,"column":20}}]},"4":{"line":40,"type":"switch","locations":[{"start":{"line":42,"column":8},"end":{"line":47,"column":18}},{"start":{"line":49,"column":8},"end":{"line":52,"column":18}}]},"5":{"line":44,"type":"binary-expr","locations":[{"start":{"line":44,"column":16},"end":{"line":44,"column":44}},{"start":{"line":44,"column":48},"end":{"line":44,"column":66}}]},"6":{"line":50,"type":"binary-expr","locations":[{"start":{"line":50,"column":21},"end":{"line":50,"column":49}},{"start":{"line":50,"column":53},"end":{"line":50,"column":72}}]},"7":{"line":64,"type":"switch","locations":[{"start":{"line":69,"column":4},"end":{"line":70,"column":14}},{"start":{"line":75,"column":4},"end":{"line":76,"column":14}}]},"8":{"line":85,"type":"switch","locations":[{"start":{"line":90,"column":4},"end":{"line":105,"column":14}},{"start":{"line":111,"column":4},"end":{"line":193,"column":14},"skip":true}]},"9":{"line":91,"type":"binary-expr","locations":[{"start":{"line":91,"column":42},"end":{"line":91,"column":73}},{"start":{"line":91,"column":77},"end":{"line":99,"column":9}}]},"10":{"line":102,"type":"binary-expr","locations":[{"start":{"line":102,"column":18},"end":{"line":102,"column":32}},{"start":{"line":103,"column":12},"end":{"line":103,"column":53}},{"start":{"line":104,"column":12},"end":{"line":104,"column":61}}]},"11":{"line":112,"type":"binary-expr","locations":[{"start":{"line":112,"column":45},"end":{"line":112,"column":79},"skip":true},{"start":{"line":112,"column":83},"end":{"line":121,"column":9},"skip":true}]},"12":{"line":123,"type":"binary-expr","locations":[{"start":{"line":123,"column":42},"end":{"line":123,"column":73},"skip":true},{"start":{"line":123,"column":77},"end":{"line":136,"column":9},"skip":true}]},"13":{"line":138,"type":"binary-expr","locations":[{"start":{"line":138,"column":48},"end":{"line":138,"column":85},"skip":true},{"start":{"line":139,"column":12},"end":{"line":145,"column":13},"skip":true}]},"14":{"line":147,"type":"binary-expr","locations":[{"start":{"line":147,"column":42},"end":{"line":147,"column":73},"skip":true},{"start":{"line":147,"column":77},"end":{"line":156,"column":9},"skip":true}]},"15":{"line":158,"type":"binary-expr","locations":[{"start":{"line":158,"column":45},"end":{"line":158,"column":79},"skip":true},{"start":{"line":158,"column":83},"end":{"line":167,"column":9},"skip":true}]},"16":{"line":169,"type":"binary-expr","locations":[{"start":{"line":169,"column":43},"end":{"line":169,"column":75},"skip":true},{"start":{"line":169,"column":79},"end":{"line":178,"column":9},"skip":true}]},"17":{"line":180,"type":"binary-expr","locations":[{"start":{"line":180,"column":41},"end":{"line":180,"column":71},"skip":true},{"start":{"line":180,"column":75},"end":{"line":189,"column":9},"skip":true}]}},"code":["/* istanbul instrument in package npmtest_datastructures_js */","/*jslint","    bitwise: true,","    browser: true,","    maxerr: 8,","    maxlen: 96,","    node: true,","    nomen: true,","    regexp: true,","    stupid: true","*/","(function () {","    'use strict';","    var local;","","","","    // run shared js-env code - init-before","    (function () {","        // init local","        local = {};","        // init modeJs","        local.modeJs = (function () {","            try {","                return typeof navigator.userAgent === 'string' &&","                    typeof document.querySelector('body') === 'object' &&","                    typeof XMLHttpRequest.prototype.open === 'function' &&","                    'browser';","            } catch (errorCaughtBrowser) {","                return module.exports &&","                    typeof process.versions.node === 'string' &&","                    typeof require('http').createServer === 'function' &&","                    'node';","            }","        }());","        // init global","        local.global = local.modeJs === 'browser'","            ? window","            : global;","        switch (local.modeJs) {","        // re-init local from window.local","        case 'browser':","            local = local.global.utility2.objectSetDefault(","                local.global.utility2_rollup || local.global.local,","                local.global.utility2","            );","            break;","        // re-init local from example.js","        case 'node':","            local = (local.global.utility2_rollup || require('utility2'))","                .requireReadme();","            break;","        }","        // export local","        local.global.local = local;","    }());","","","","    // run shared js-env code - function","    (function () {","        return;","    }());","    switch (local.modeJs) {","","","","    // run browser js-env code - function","    case 'browser':","        break;","","","","    // run node js-env code - function","    case 'node':","        break;","    }","","","","    // run shared js-env code - init-after","    (function () {","        return;","    }());","    switch (local.modeJs) {","","","","    // run browser js-env code - init-after","    case 'browser':","        local.testCase_browser_nullCase = local.testCase_browser_nullCase || function (","            options,","            onError","        ) {","        /*","         * this function will test browsers's null-case handling-behavior-behavior","         */","            onError(null, options);","        };","","        // run tests","        local.nop(local.modeTest &&","            document.querySelector('#testRunButton1') &&","            document.querySelector('#testRunButton1').click());","        break;","","","","    // run node js-env code - init-after","    /* istanbul ignore next */","    case 'node':","        local.testCase_buildApidoc_default = local.testCase_buildApidoc_default || function (","            options,","            onError","        ) {","        /*","         * this function will test buildApidoc's default handling-behavior-behavior","         */","            options = { modulePathList: module.paths };","            local.buildApidoc(options, onError);","        };","","        local.testCase_buildApp_default = local.testCase_buildApp_default || function (","            options,","            onError","        ) {","        /*","         * this function will test buildApp's default handling-behavior-behavior","         */","            local.testCase_buildReadme_default(options, local.onErrorThrow);","            local.testCase_buildLib_default(options, local.onErrorThrow);","            local.testCase_buildTest_default(options, local.onErrorThrow);","            local.testCase_buildCustomOrg_default(options, local.onErrorThrow);","            options = [];","            local.buildApp(options, onError);","        };","","        local.testCase_buildCustomOrg_default = local.testCase_buildCustomOrg_default ||","            function (options, onError) {","            /*","             * this function will test buildCustomOrg's default handling-behavior","             */","                options = {};","                local.buildCustomOrg(options, onError);","            };","","        local.testCase_buildLib_default = local.testCase_buildLib_default || function (","            options,","            onError","        ) {","        /*","         * this function will test buildLib's default handling-behavior","         */","            options = {};","            local.buildLib(options, onError);","        };","","        local.testCase_buildReadme_default = local.testCase_buildReadme_default || function (","            options,","            onError","        ) {","        /*","         * this function will test buildReadme's default handling-behavior-behavior","         */","            options = {};","            local.buildReadme(options, onError);","        };","","        local.testCase_buildTest_default = local.testCase_buildTest_default || function (","            options,","            onError","        ) {","        /*","         * this function will test buildTest's default handling-behavior","         */","            options = {};","            local.buildTest(options, onError);","        };","","        local.testCase_webpage_default = local.testCase_webpage_default || function (","            options,","            onError","        ) {","        /*","         * this function will test webpage's default handling-behavior","         */","            options = { modeCoverageMerge: true, url: local.serverLocalHost + '?modeTest=1' };","            local.browserTest(options, onError);","        };","","        // run test-server","        local.testRunServer(local);","        break;","    }","}());",""],"l":{"12":2,"14":2,"19":2,"21":2,"23":2,"24":2,"25":2,"30":1,"37":2,"40":2,"43":1,"47":1,"50":1,"52":1,"55":2,"61":2,"62":2,"64":2,"70":1,"76":1,"82":2,"83":2,"85":2,"91":1,"98":1,"102":1,"105":1,"112":1,"119":1,"120":1,"123":1,"130":1,"131":1,"132":1,"133":1,"134":1,"135":1,"138":1,"143":2,"144":2,"147":1,"154":2,"155":2,"158":1,"165":2,"166":2,"169":1,"176":2,"177":2,"180":1,"187":1,"188":1,"192":1,"193":1}},"/home/travis/build/npmtest/node-npmtest-datastructures-js/lib.npmtest_datastructures_js.js":{"path":"/home/travis/build/npmtest/node-npmtest-datastructures-js/lib.npmtest_datastructures_js.js","s":{"1":2,"2":2,"3":2,"4":2,"5":2,"6":2,"7":2,"8":1,"9":2,"10":2,"11":2,"12":2,"13":1,"14":1,"15":1,"16":1},"b":{"1":[2,1,1,1],"2":[1,1,1,1],"3":[1,1],"4":[2,2],"5":[1,1]},"f":{"1":2,"2":2,"3":2},"fnMap":{"1":{"name":"(anonymous_1)","line":12,"loc":{"start":{"line":12,"column":1},"end":{"line":12,"column":13}}},"2":{"name":"(anonymous_2)","line":19,"loc":{"start":{"line":19,"column":5},"end":{"line":19,"column":17}}},"3":{"name":"(anonymous_3)","line":23,"loc":{"start":{"line":23,"column":24},"end":{"line":23,"column":36}}}},"statementMap":{"1":{"start":{"line":12,"column":0},"end":{"line":53,"column":5}},"2":{"start":{"line":14,"column":4},"end":{"line":14,"column":14}},"3":{"start":{"line":19,"column":4},"end":{"line":52,"column":9}},"4":{"start":{"line":21,"column":8},"end":{"line":21,"column":19}},"5":{"start":{"line":23,"column":8},"end":{"line":35,"column":13}},"6":{"start":{"line":24,"column":12},"end":{"line":34,"column":13}},"7":{"start":{"line":25,"column":16},"end":{"line":28,"column":30}},"8":{"start":{"line":30,"column":16},"end":{"line":33,"column":27}},"9":{"start":{"line":37,"column":8},"end":{"line":39,"column":21}},"10":{"start":{"line":41,"column":8},"end":{"line":41,"column":54}},"11":{"start":{"line":43,"column":8},"end":{"line":43,"column":62}},"12":{"start":{"line":45,"column":8},"end":{"line":51,"column":9}},"13":{"start":{"line":46,"column":12},"end":{"line":46,"column":68}},"14":{"start":{"line":48,"column":12},"end":{"line":48,"column":35}},"15":{"start":{"line":49,"column":12},"end":{"line":49,"column":49}},"16":{"start":{"line":50,"column":12},"end":{"line":50,"column":43}}},"branchMap":{"1":{"line":25,"type":"binary-expr","locations":[{"start":{"line":25,"column":23},"end":{"line":25,"column":62}},{"start":{"line":26,"column":20},"end":{"line":26,"column":70}},{"start":{"line":27,"column":20},"end":{"line":27,"column":71}},{"start":{"line":28,"column":20},"end":{"line":28,"column":29}}]},"2":{"line":30,"type":"binary-expr","locations":[{"start":{"line":30,"column":23},"end":{"line":30,"column":37}},{"start":{"line":31,"column":20},"end":{"line":31,"column":61}},{"start":{"line":32,"column":20},"end":{"line":32,"column":70}},{"start":{"line":33,"column":20},"end":{"line":33,"column":26}}]},"3":{"line":37,"type":"cond-expr","locations":[{"start":{"line":38,"column":14},"end":{"line":38,"column":20}},{"start":{"line":39,"column":14},"end":{"line":39,"column":20}}]},"4":{"line":41,"type":"binary-expr","locations":[{"start":{"line":41,"column":16},"end":{"line":41,"column":44}},{"start":{"line":41,"column":48},"end":{"line":41,"column":53}}]},"5":{"line":45,"type":"if","locations":[{"start":{"line":45,"column":8},"end":{"line":45,"column":8}},{"start":{"line":45,"column":8},"end":{"line":45,"column":8}}]}},"code":["/* istanbul instrument in package npmtest_datastructures_js */","/*jslint","    bitwise: true,","    browser: true,","    maxerr: 8,","    maxlen: 96,","    node: true,","    nomen: true,","    regexp: true,","    stupid: true","*/","(function () {","    'use strict';","    var local;","","","","    // run shared js-env code - init-before","    (function () {","        // init local","        local = {};","        // init modeJs","        local.modeJs = (function () {","            try {","                return typeof navigator.userAgent === 'string' &&","                    typeof document.querySelector('body') === 'object' &&","                    typeof XMLHttpRequest.prototype.open === 'function' &&","                    'browser';","            } catch (errorCaughtBrowser) {","                return module.exports &&","                    typeof process.versions.node === 'string' &&","                    typeof require('http').createServer === 'function' &&","                    'node';","            }","        }());","        // init global","        local.global = local.modeJs === 'browser'","            ? window","            : global;","        // init utility2_rollup","        local = local.global.utility2_rollup || local;","        // init lib","        local.local = local.npmtest_datastructures_js = local;","        // init exports","        if (local.modeJs === 'browser') {","            local.global.utility2_npmtest_datastructures_js = local;","        } else {","            module.exports = local;","            module.exports.__dirname = __dirname;","            module.exports.module = module;","        }","    }());","}());",""],"l":{"12":2,"14":2,"19":2,"21":2,"23":2,"24":2,"25":2,"30":1,"37":2,"41":2,"43":2,"45":2,"46":1,"48":1,"49":1,"50":1}},"/home/travis/build/npmtest/node-npmtest-datastructures-js/example.js":{"path":"/home/travis/build/npmtest/node-npmtest-datastructures-js/example.js","s":{"1":2,"2":2,"3":2,"4":2,"5":2,"6":2,"7":2,"8":1,"9":2,"10":2,"11":2,"12":2,"13":1,"14":2,"15":2,"16":2,"17":2,"18":2,"19":0,"20":2,"21":1,"22":1,"23":1,"24":1,"25":1,"26":0,"27":0,"28":1,"29":1,"30":2,"31":0,"32":0,"33":0,"34":1,"35":2,"36":2,"37":3,"38":3,"39":3,"40":3,"41":0,"42":3,"43":3,"44":3,"45":1,"46":3,"47":1,"48":1,"49":1,"50":1,"51":1,"52":1,"53":1,"54":1,"55":1,"56":1,"57":0,"58":1,"59":6,"60":6,"61":1,"62":2,"63":0,"64":2,"65":1,"66":1,"67":0,"68":0,"69":0,"70":0,"71":0,"72":0,"73":0,"74":0,"75":0,"76":0,"77":0,"78":0,"79":0,"80":0,"81":0,"82":0,"83":0},"b":{"1":[2,1,1,1],"2":[1,1,1,1],"3":[1,1],"4":[2,2],"5":[1,1],"6":[1,1],"7":[2,0],"8":[2,1,1,1,1,1],"9":[0,2,0],"10":[1,1],"11":[2,1,1],"12":[1,0],"13":[0,2],"14":[2,0,0,0,0,0,0],"15":[0,3],"16":[3,0],"17":[1,1],"18":[0,1],"19":[1,2,0,2],"20":[1,0],"21":[1,1],"22":[0,0],"23":[0,0],"24":[0,0],"25":[0,0],"26":[0,0],"27":[0,0],"28":[0,0]},"f":{"1":2,"2":2,"3":2,"4":2,"5":2,"6":2,"7":3,"8":3,"9":3,"10":1,"11":6,"12":0},"fnMap":{"1":{"name":"(anonymous_1)","line":26,"loc":{"start":{"line":26,"column":1},"end":{"line":26,"column":13}}},"2":{"name":"(anonymous_2)","line":33,"loc":{"start":{"line":33,"column":5},"end":{"line":33,"column":17}}},"3":{"name":"(anonymous_3)","line":37,"loc":{"start":{"line":37,"column":24},"end":{"line":37,"column":36}}},"4":{"name":"(anonymous_4)","line":69,"loc":{"start":{"line":69,"column":31},"end":{"line":69,"column":48}},"skip":true},"5":{"name":"(anonymous_5)","line":78,"loc":{"start":{"line":78,"column":26},"end":{"line":78,"column":45}},"skip":true},"6":{"name":"(anonymous_6)","line":123,"loc":{"start":{"line":123,"column":33},"end":{"line":123,"column":48}},"skip":true},"7":{"name":"(anonymous_7)","line":125,"loc":{"start":{"line":125,"column":27},"end":{"line":125,"column":39}},"skip":true},"8":{"name":"(anonymous_8)","line":133,"loc":{"start":{"line":133,"column":59},"end":{"line":133,"column":74}},"skip":true},"9":{"name":"(anonymous_9)","line":143,"loc":{"start":{"line":143,"column":45},"end":{"line":143,"column":62}},"skip":true},"10":{"name":"(anonymous_10)","line":144,"loc":{"start":{"line":144,"column":73},"end":{"line":144,"column":92}},"skip":true},"11":{"name":"(anonymous_11)","line":272,"loc":{"start":{"line":272,"column":51},"end":{"line":272,"column":77}},"skip":true},"12":{"name":"(anonymous_12)","line":315,"loc":{"start":{"line":315,"column":32},"end":{"line":315,"column":61}},"skip":true}},"statementMap":{"1":{"start":{"line":26,"column":0},"end":{"line":326,"column":5}},"2":{"start":{"line":28,"column":4},"end":{"line":28,"column":14}},"3":{"start":{"line":33,"column":4},"end":{"line":60,"column":9}},"4":{"start":{"line":35,"column":8},"end":{"line":35,"column":19}},"5":{"start":{"line":37,"column":8},"end":{"line":49,"column":13}},"6":{"start":{"line":38,"column":12},"end":{"line":48,"column":13}},"7":{"start":{"line":39,"column":16},"end":{"line":42,"column":30}},"8":{"start":{"line":44,"column":16},"end":{"line":47,"column":27}},"9":{"start":{"line":51,"column":8},"end":{"line":53,"column":21}},"10":{"start":{"line":55,"column":8},"end":{"line":57,"column":45}},"11":{"start":{"line":59,"column":8},"end":{"line":59,"column":35}},"12":{"start":{"line":61,"column":4},"end":{"line":325,"column":5}},"13":{"start":{"line":69,"column":8},"end":{"line":121,"column":10},"skip":true},"14":{"start":{"line":70,"column":12},"end":{"line":88,"column":13},"skip":true},"15":{"start":{"line":76,"column":16},"end":{"line":87,"column":19},"skip":true},"16":{"start":{"line":79,"column":20},"end":{"line":86,"column":21},"skip":true},"17":{"start":{"line":82,"column":24},"end":{"line":82,"column":43},"skip":true},"18":{"start":{"line":83,"column":24},"end":{"line":83,"column":30},"skip":true},"19":{"start":{"line":85,"column":24},"end":{"line":85,"column":49},"skip":true},"20":{"start":{"line":89,"column":12},"end":{"line":107,"column":13},"skip":true},"21":{"start":{"line":92,"column":16},"end":{"line":102,"column":17},"skip":true},"22":{"start":{"line":93,"column":20},"end":{"line":93,"column":86},"skip":true},"23":{"start":{"line":94,"column":20},"end":{"line":95,"column":45},"skip":true},"24":{"start":{"line":96,"column":20},"end":{"line":96,"column":42},"skip":true},"25":{"start":{"line":97,"column":20},"end":{"line":97,"column":48},"skip":true},"26":{"start":{"line":100,"column":20},"end":{"line":100,"column":85},"skip":true},"27":{"start":{"line":101,"column":20},"end":{"line":101,"column":96},"skip":true},"28":{"start":{"line":103,"column":16},"end":{"line":103,"column":22},"skip":true},"29":{"start":{"line":106,"column":16},"end":{"line":106,"column":22},"skip":true},"30":{"start":{"line":108,"column":12},"end":{"line":120,"column":13},"skip":true},"31":{"start":{"line":114,"column":16},"end":{"line":119,"column":17},"skip":true},"32":{"start":{"line":116,"column":20},"end":{"line":116,"column":78},"skip":true},"33":{"start":{"line":118,"column":20},"end":{"line":118,"column":47},"skip":true},"34":{"start":{"line":123,"column":8},"end":{"line":141,"column":11},"skip":true},"35":{"start":{"line":124,"column":12},"end":{"line":124,"column":54},"skip":true},"36":{"start":{"line":125,"column":12},"end":{"line":140,"column":14},"skip":true},"37":{"start":{"line":126,"column":16},"end":{"line":126,"column":28},"skip":true},"38":{"start":{"line":127,"column":16},"end":{"line":127,"column":69},"skip":true},"39":{"start":{"line":128,"column":16},"end":{"line":128,"column":75},"skip":true},"40":{"start":{"line":129,"column":16},"end":{"line":131,"column":17},"skip":true},"41":{"start":{"line":130,"column":20},"end":{"line":130,"column":27},"skip":true},"42":{"start":{"line":133,"column":16},"end":{"line":137,"column":36},"skip":true},"43":{"start":{"line":134,"column":20},"end":{"line":136,"column":55},"skip":true},"44":{"start":{"line":139,"column":16},"end":{"line":139,"column":57},"skip":true},"45":{"start":{"line":143,"column":8},"end":{"line":147,"column":11},"skip":true},"46":{"start":{"line":144,"column":12},"end":{"line":146,"column":15},"skip":true},"47":{"start":{"line":145,"column":16},"end":{"line":145,"column":70},"skip":true},"48":{"start":{"line":149,"column":8},"end":{"line":149,"column":31},"skip":true},"49":{"start":{"line":150,"column":8},"end":{"line":150,"column":14},"skip":true},"50":{"start":{"line":158,"column":8},"end":{"line":158,"column":31},"skip":true},"51":{"start":{"line":160,"column":8},"end":{"line":160,"column":33},"skip":true},"52":{"start":{"line":161,"column":8},"end":{"line":161,"column":37},"skip":true},"53":{"start":{"line":162,"column":8},"end":{"line":162,"column":35},"skip":true},"54":{"start":{"line":164,"column":8},"end":{"line":164,"column":50},"skip":true},"55":{"start":{"line":166,"column":8},"end":{"line":256,"column":2},"skip":true},"56":{"start":{"line":258,"column":8},"end":{"line":286,"column":9},"skip":true},"57":{"start":{"line":259,"column":12},"end":{"line":269,"column":14},"skip":true},"58":{"start":{"line":271,"column":12},"end":{"line":285,"column":19},"skip":true},"59":{"start":{"line":274,"column":20},"end":{"line":274,"column":35},"skip":true},"60":{"start":{"line":275,"column":20},"end":{"line":284,"column":21},"skip":true},"61":{"start":{"line":277,"column":24},"end":{"line":277,"column":64},"skip":true},"62":{"start":{"line":279,"column":24},"end":{"line":279,"column":40},"skip":true},"63":{"start":{"line":281,"column":24},"end":{"line":281,"column":40},"skip":true},"64":{"start":{"line":283,"column":24},"end":{"line":283,"column":39},"skip":true},"65":{"start":{"line":288,"column":8},"end":{"line":290,"column":9},"skip":true},"66":{"start":{"line":289,"column":12},"end":{"line":289,"column":18},"skip":true},"67":{"start":{"line":291,"column":8},"end":{"line":293,"column":54},"skip":true},"68":{"start":{"line":296,"column":8},"end":{"line":301,"column":37},"skip":true},"69":{"start":{"line":303,"column":8},"end":{"line":303,"column":82},"skip":true},"70":{"start":{"line":306,"column":8},"end":{"line":308,"column":9},"skip":true},"71":{"start":{"line":307,"column":12},"end":{"line":307,"column":82},"skip":true},"72":{"start":{"line":310,"column":8},"end":{"line":312,"column":9},"skip":true},"73":{"start":{"line":311,"column":12},"end":{"line":311,"column":18},"skip":true},"74":{"start":{"line":313,"column":8},"end":{"line":313,"column":54},"skip":true},"75":{"start":{"line":314,"column":8},"end":{"line":314,"column":69},"skip":true},"76":{"start":{"line":315,"column":8},"end":{"line":323,"column":36},"skip":true},"77":{"start":{"line":316,"column":12},"end":{"line":316,"column":61},"skip":true},"78":{"start":{"line":317,"column":12},"end":{"line":320,"column":13},"skip":true},"79":{"start":{"line":318,"column":16},"end":{"line":318,"column":75},"skip":true},"80":{"start":{"line":319,"column":16},"end":{"line":319,"column":23},"skip":true},"81":{"start":{"line":321,"column":12},"end":{"line":321,"column":38},"skip":true},"82":{"start":{"line":322,"column":12},"end":{"line":322,"column":27},"skip":true},"83":{"start":{"line":324,"column":8},"end":{"line":324,"column":14},"skip":true}},"branchMap":{"1":{"line":39,"type":"binary-expr","locations":[{"start":{"line":39,"column":23},"end":{"line":39,"column":62}},{"start":{"line":40,"column":20},"end":{"line":40,"column":70}},{"start":{"line":41,"column":20},"end":{"line":41,"column":71}},{"start":{"line":42,"column":20},"end":{"line":42,"column":29}}]},"2":{"line":44,"type":"binary-expr","locations":[{"start":{"line":44,"column":23},"end":{"line":44,"column":37}},{"start":{"line":45,"column":20},"end":{"line":45,"column":61}},{"start":{"line":46,"column":20},"end":{"line":46,"column":70}},{"start":{"line":47,"column":20},"end":{"line":47,"column":26}}]},"3":{"line":51,"type":"cond-expr","locations":[{"start":{"line":52,"column":14},"end":{"line":52,"column":20}},{"start":{"line":53,"column":14},"end":{"line":53,"column":20}}]},"4":{"line":55,"type":"binary-expr","locations":[{"start":{"line":55,"column":16},"end":{"line":55,"column":44}},{"start":{"line":55,"column":49},"end":{"line":57,"column":43}}]},"5":{"line":55,"type":"cond-expr","locations":[{"start":{"line":56,"column":14},"end":{"line":56,"column":61}},{"start":{"line":57,"column":14},"end":{"line":57,"column":43}}]},"6":{"line":61,"type":"switch","locations":[{"start":{"line":68,"column":4},"end":{"line":150,"column":14},"skip":true},{"start":{"line":156,"column":4},"end":{"line":324,"column":14},"skip":true}]},"7":{"line":70,"type":"if","locations":[{"start":{"line":70,"column":12},"end":{"line":70,"column":12},"skip":true},{"start":{"line":70,"column":12},"end":{"line":70,"column":12},"skip":true}]},"8":{"line":70,"type":"binary-expr","locations":[{"start":{"line":70,"column":16},"end":{"line":70,"column":22},"skip":true},{"start":{"line":70,"column":27},"end":{"line":70,"column":32},"skip":true},{"start":{"line":71,"column":20},"end":{"line":71,"column":39},"skip":true},{"start":{"line":72,"column":20},"end":{"line":72,"column":49},"skip":true},{"start":{"line":73,"column":20},"end":{"line":73,"column":58},"skip":true},{"start":{"line":74,"column":20},"end":{"line":74,"column":69},"skip":true}]},"9":{"line":79,"type":"switch","locations":[{"start":{"line":80,"column":20},"end":{"line":80,"column":33},"skip":true},{"start":{"line":81,"column":20},"end":{"line":83,"column":30},"skip":true},{"start":{"line":84,"column":20},"end":{"line":85,"column":49},"skip":true}]},"10":{"line":89,"type":"switch","locations":[{"start":{"line":90,"column":12},"end":{"line":103,"column":22},"skip":true},{"start":{"line":105,"column":12},"end":{"line":106,"column":22},"skip":true}]},"11":{"line":89,"type":"binary-expr","locations":[{"start":{"line":89,"column":20},"end":{"line":89,"column":25},"skip":true},{"start":{"line":89,"column":29},"end":{"line":89,"column":48},"skip":true},{"start":{"line":89,"column":52},"end":{"line":89,"column":74},"skip":true}]},"12":{"line":92,"type":"if","locations":[{"start":{"line":92,"column":16},"end":{"line":92,"column":16},"skip":true},{"start":{"line":92,"column":16},"end":{"line":92,"column":16},"skip":true}]},"13":{"line":108,"type":"if","locations":[{"start":{"line":108,"column":12},"end":{"line":108,"column":12},"skip":true},{"start":{"line":108,"column":12},"end":{"line":108,"column":12},"skip":true}]},"14":{"line":108,"type":"binary-expr","locations":[{"start":{"line":108,"column":16},"end":{"line":108,"column":61},"skip":true},{"start":{"line":108,"column":66},"end":{"line":108,"column":72},"skip":true},{"start":{"line":108,"column":77},"end":{"line":108,"column":82},"skip":true},{"start":{"line":109,"column":20},"end":{"line":109,"column":39},"skip":true},{"start":{"line":110,"column":20},"end":{"line":110,"column":49},"skip":true},{"start":{"line":111,"column":20},"end":{"line":111,"column":58},"skip":true},{"start":{"line":112,"column":20},"end":{"line":112,"column":68},"skip":true}]},"15":{"line":129,"type":"if","locations":[{"start":{"line":129,"column":16},"end":{"line":129,"column":16},"skip":true},{"start":{"line":129,"column":16},"end":{"line":129,"column":16},"skip":true}]},"16":{"line":134,"type":"cond-expr","locations":[{"start":{"line":135,"column":26},"end":{"line":135,"column":29},"skip":true},{"start":{"line":136,"column":26},"end":{"line":136,"column":54},"skip":true}]},"17":{"line":164,"type":"binary-expr","locations":[{"start":{"line":164,"column":27},"end":{"line":164,"column":43},"skip":true},{"start":{"line":164,"column":47},"end":{"line":164,"column":49},"skip":true}]},"18":{"line":258,"type":"if","locations":[{"start":{"line":258,"column":8},"end":{"line":258,"column":8},"skip":true},{"start":{"line":258,"column":8},"end":{"line":258,"column":8},"skip":true}]},"19":{"line":275,"type":"switch","locations":[{"start":{"line":276,"column":20},"end":{"line":277,"column":64},"skip":true},{"start":{"line":278,"column":20},"end":{"line":279,"column":40},"skip":true},{"start":{"line":280,"column":20},"end":{"line":281,"column":40},"skip":true},{"start":{"line":282,"column":20},"end":{"line":283,"column":39},"skip":true}]},"20":{"line":288,"type":"if","locations":[{"start":{"line":288,"column":8},"end":{"line":288,"column":8},"skip":true},{"start":{"line":288,"column":8},"end":{"line":288,"column":8},"skip":true}]},"21":{"line":288,"type":"binary-expr","locations":[{"start":{"line":288,"column":12},"end":{"line":288,"column":40},"skip":true},{"start":{"line":288,"column":44},"end":{"line":288,"column":67},"skip":true}]},"22":{"line":292,"type":"binary-expr","locations":[{"start":{"line":292,"column":12},"end":{"line":292,"column":50},"skip":true},{"start":{"line":293,"column":12},"end":{"line":293,"column":53},"skip":true}]},"23":{"line":297,"type":"binary-expr","locations":[{"start":{"line":297,"column":12},"end":{"line":297,"column":75},"skip":true},{"start":{"line":298,"column":12},"end":{"line":301,"column":36},"skip":true}]},"24":{"line":303,"type":"binary-expr","locations":[{"start":{"line":303,"column":43},"end":{"line":303,"column":75},"skip":true},{"start":{"line":303,"column":79},"end":{"line":303,"column":81},"skip":true}]},"25":{"line":306,"type":"if","locations":[{"start":{"line":306,"column":8},"end":{"line":306,"column":8},"skip":true},{"start":{"line":306,"column":8},"end":{"line":306,"column":8},"skip":true}]},"26":{"line":310,"type":"if","locations":[{"start":{"line":310,"column":8},"end":{"line":310,"column":8},"skip":true},{"start":{"line":310,"column":8},"end":{"line":310,"column":8},"skip":true}]},"27":{"line":313,"type":"binary-expr","locations":[{"start":{"line":313,"column":27},"end":{"line":313,"column":43},"skip":true},{"start":{"line":313,"column":47},"end":{"line":313,"column":53},"skip":true}]},"28":{"line":317,"type":"if","locations":[{"start":{"line":317,"column":12},"end":{"line":317,"column":12},"skip":true},{"start":{"line":317,"column":12},"end":{"line":317,"column":12},"skip":true}]}},"code":["/*","example.js","","quickstart example","","instruction","    1. save this script as example.js","    2. run the shell command:","        $ npm install npmtest-datastructures-js && PORT=8081 node example.js","    3. play with the browser-demo on http://127.0.0.1:8081","*/","","","","/* istanbul instrument in package npmtest_datastructures_js */","/*jslint","    bitwise: true,","    browser: true,","    maxerr: 8,","    maxlen: 96,","    node: true,","    nomen: true,","    regexp: true,","    stupid: true","*/","(function () {","    'use strict';","    var local;","","","","    // run shared js-env code - init-before","    (function () {","        // init local","        local = {};","        // init modeJs","        local.modeJs = (function () {","            try {","                return typeof navigator.userAgent === 'string' &&","                    typeof document.querySelector('body') === 'object' &&","                    typeof XMLHttpRequest.prototype.open === 'function' &&","                    'browser';","            } catch (errorCaughtBrowser) {","                return module.exports &&","                    typeof process.versions.node === 'string' &&","                    typeof require('http').createServer === 'function' &&","                    'node';","            }","        }());","        // init global","        local.global = local.modeJs === 'browser'","            ? window","            : global;","        // init utility2_rollup","        local = local.global.utility2_rollup || (local.modeJs === 'browser'","            ? local.global.utility2_npmtest_datastructures_js","            : global.utility2_moduleExports);","        // export local","        local.global.local = local;","    }());","    switch (local.modeJs) {","","","","    // init-after","    // run browser js-env code - init-after","    /* istanbul ignore next */","    case 'browser':","        local.testRunBrowser = function (event) {","            if (!event || (event &&","                    event.currentTarget &&","                    event.currentTarget.className &&","                    event.currentTarget.className.includes &&","                    event.currentTarget.className.includes('onreset'))) {","                // reset output","                Array.from(","                    document.querySelectorAll('body > .resettable')","                ).forEach(function (element) {","                    switch (element.tagName) {","                    case 'INPUT':","                    case 'TEXTAREA':","                        element.value = '';","                        break;","                    default:","                        element.textContent = '';","                    }","                });","            }","            switch (event && event.currentTarget && event.currentTarget.id) {","            case 'testRunButton1':","                // show tests","                if (document.querySelector('#testReportDiv1').style.display === 'none') {","                    document.querySelector('#testReportDiv1').style.display = 'block';","                    document.querySelector('#testRunButton1').textContent =","                        'hide internal test';","                    local.modeTest = true;","                    local.testRunDefault(local);","                // hide tests","                } else {","                    document.querySelector('#testReportDiv1').style.display = 'none';","                    document.querySelector('#testRunButton1').textContent = 'run internal test';","                }","                break;","            // custom-case","            default:","                break;","            }","            if (document.querySelector('#inputTextareaEval1') && (!event || (event &&","                    event.currentTarget &&","                    event.currentTarget.className &&","                    event.currentTarget.className.includes &&","                    event.currentTarget.className.includes('oneval')))) {","                // try to eval input-code","                try {","                    /*jslint evil: true*/","                    eval(document.querySelector('#inputTextareaEval1').value);","                } catch (errorCaught) {","                    console.error(errorCaught);","                }","            }","        };","        // log stderr and stdout to #outputTextareaStdout1","        ['error', 'log'].forEach(function (key) {","            console[key + '_original'] = console[key];","            console[key] = function () {","                var element;","                console[key + '_original'].apply(console, arguments);","                element = document.querySelector('#outputTextareaStdout1');","                if (!element) {","                    return;","                }","                // append text to #outputTextareaStdout1","                element.value += Array.from(arguments).map(function (arg) {","                    return typeof arg === 'string'","                        ? arg","                        : JSON.stringify(arg, null, 4);","                }).join(' ') + '\\n';","                // scroll textarea to bottom","                element.scrollTop = element.scrollHeight;","            };","        });","        // init event-handling","        ['change', 'click', 'keyup'].forEach(function (event) {","            Array.from(document.querySelectorAll('.on' + event)).forEach(function (element) {","                element.addEventListener(event, local.testRunBrowser);","            });","        });","        // run tests","        local.testRunBrowser();","        break;","","","","    // run node js-env code - init-after","    /* istanbul ignore next */","    case 'node':","        // export local","        module.exports = local;","        // require modules","        local.fs = require('fs');","        local.http = require('http');","        local.url = require('url');","        // init assets","        local.assetsDict = local.assetsDict || {};","        /* jslint-ignore-begin */","        local.assetsDict['/assets.index.template.html'] = '\\","<!doctype html>\\n\\","<html lang=\"en\">\\n\\","<head>\\n\\","<meta charset=\"UTF-8\">\\n\\","<meta name=\"viewport\" content=\"width=device-width, initial-scale=1\">\\n\\","<title>{{env.npm_package_name}} (v{{env.npm_package_version}})</title>\\n\\","<style>\\n\\","/*csslint\\n\\","    box-sizing: false,\\n\\","    universal-selector: false\\n\\","*/\\n\\","* {\\n\\","    box-sizing: border-box;\\n\\","}\\n\\","body {\\n\\","    background: #dde;\\n\\","    font-family: Arial, Helvetica, sans-serif;\\n\\","    margin: 2rem;\\n\\","}\\n\\","body > * {\\n\\","    margin-bottom: 1rem;\\n\\","}\\n\\",".utility2FooterDiv {\\n\\","    margin-top: 20px;\\n\\","    text-align: center;\\n\\","}\\n\\","</style>\\n\\","<style>\\n\\","/*csslint\\n\\","*/\\n\\","textarea {\\n\\","    font-family: monospace;\\n\\","    height: 10rem;\\n\\","    width: 100%;\\n\\","}\\n\\","textarea[readonly] {\\n\\","    background: #ddd;\\n\\","}\\n\\","</style>\\n\\","</head>\\n\\","<body>\\n\\","<!-- utility2-comment\\n\\","<div id=\"ajaxProgressDiv1\" style=\"background: #d00; height: 2px; left: 0; margin: 0; padding: 0; position: fixed; top: 0; transition: background 0.5s, width 1.5s; width: 25%;\"></div>\\n\\","utility2-comment -->\\n\\","<h1>\\n\\","<!-- utility2-comment\\n\\","    <a\\n\\","        {{#if env.npm_package_homepage}}\\n\\","        href=\"{{env.npm_package_homepage}}\"\\n\\","        {{/if env.npm_package_homepage}}\\n\\","        target=\"_blank\"\\n\\","    >\\n\\","utility2-comment -->\\n\\","        {{env.npm_package_name}} (v{{env.npm_package_version}})\\n\\","<!-- utility2-comment\\n\\","    </a>\\n\\","utility2-comment -->\\n\\","</h1>\\n\\","<h3>{{env.npm_package_description}}</h3>\\n\\","<!-- utility2-comment\\n\\","<h4><a download href=\"assets.app.js\">download standalone app</a></h4>\\n\\","<button class=\"onclick onreset\" id=\"testRunButton1\">run internal test</button><br>\\n\\","<div id=\"testReportDiv1\" style=\"display: none;\"></div>\\n\\","utility2-comment -->\\n\\","\\n\\","\\n\\","\\n\\","<label>stderr and stdout</label>\\n\\","<textarea class=\"resettable\" id=\"outputTextareaStdout1\" readonly></textarea>\\n\\","<!-- utility2-comment\\n\\","{{#if isRollup}}\\n\\","<script src=\"assets.app.js\"></script>\\n\\","{{#unless isRollup}}\\n\\","utility2-comment -->\\n\\","<script src=\"assets.utility2.rollup.js\"></script>\\n\\","<script src=\"jsonp.utility2._stateInit?callback=window.utility2._stateInit\"></script>\\n\\","<script src=\"assets.npmtest_datastructures_js.rollup.js\"></script>\\n\\","<script src=\"assets.example.js\"></script>\\n\\","<script src=\"assets.test.js\"></script>\\n\\","<!-- utility2-comment\\n\\","{{/if isRollup}}\\n\\","utility2-comment -->\\n\\","<div class=\"utility2FooterDiv\">\\n\\","    [ this app was created with\\n\\","    <a href=\"https://github.com/kaizhu256/node-utility2\" target=\"_blank\">utility2</a>\\n\\","    ]\\n\\","</div>\\n\\","</body>\\n\\","</html>\\n\\","';","        /* jslint-ignore-end */","        if (local.templateRender) {","            local.assetsDict['/'] = local.templateRender(","                local.assetsDict['/assets.index.template.html'],","                {","                    env: local.objectSetDefault(local.env, {","                        npm_package_description: 'the greatest app in the world!',","                        npm_package_name: 'my-app',","                        npm_package_nameAlias: 'my_app',","                        npm_package_version: '0.0.1'","                    })","                }","            );","        } else {","            local.assetsDict['/'] = local.assetsDict['/assets.index.template.html']","                .replace((/\\{\\{env\\.(\\w+?)\\}\\}/g), function (match0, match1) {","                    // jslint-hack","                    String(match0);","                    switch (match1) {","                    case 'npm_package_description':","                        return 'the greatest app in the world!';","                    case 'npm_package_name':","                        return 'my-app';","                    case 'npm_package_nameAlias':","                        return 'my_app';","                    case 'npm_package_version':","                        return '0.0.1';","                    }","                });","        }","        // run the cli","        if (local.global.utility2_rollup || module !== require.main) {","            break;","        }","        local.assetsDict['/assets.example.js'] =","            local.assetsDict['/assets.example.js'] ||","            local.fs.readFileSync(__filename, 'utf8');","        // bug-workaround - long $npm_package_buildCustomOrg","        /* jslint-ignore-begin */","        local.assetsDict['/assets.npmtest_datastructures_js.rollup.js'] =","            local.assetsDict['/assets.npmtest_datastructures_js.rollup.js'] ||","            local.fs.readFileSync(","                local.npmtest_datastructures_js.__dirname + '/lib.npmtest_datastructures_js.js',","                'utf8'","            ).replace((/^#!/), '//');","        /* jslint-ignore-end */","        local.assetsDict['/favicon.ico'] = local.assetsDict['/favicon.ico'] || '';","        // if $npm_config_timeout_exit exists,","        // then exit this process after $npm_config_timeout_exit ms","        if (Number(process.env.npm_config_timeout_exit)) {","            setTimeout(process.exit, Number(process.env.npm_config_timeout_exit));","        }","        // start server","        if (local.global.utility2_serverHttp1) {","            break;","        }","        process.env.PORT = process.env.PORT || '8081';","        console.error('server starting on port ' + process.env.PORT);","        local.http.createServer(function (request, response) {","            request.urlParsed = local.url.parse(request.url);","            if (local.assetsDict[request.urlParsed.pathname] !== undefined) {","                response.end(local.assetsDict[request.urlParsed.pathname]);","                return;","            }","            response.statusCode = 404;","            response.end();","        }).listen(process.env.PORT);","        break;","    }","}());",""],"l":{"26":2,"28":2,"33":2,"35":2,"37":2,"38":2,"39":2,"44":1,"51":2,"55":2,"59":2,"61":2,"69":1,"70":2,"76":2,"79":2,"82":2,"83":2,"85":1,"89":2,"92":1,"93":1,"94":1,"96":1,"97":1,"100":1,"101":1,"103":1,"106":1,"108":2,"114":1,"116":1,"118":1,"123":1,"124":2,"125":2,"126":3,"127":3,"128":3,"129":3,"130":1,"133":3,"134":3,"139":3,"143":1,"144":3,"145":1,"149":1,"150":1,"158":1,"160":1,"161":1,"162":1,"164":1,"166":1,"258":1,"259":1,"271":1,"274":6,"275":6,"277":1,"279":2,"281":1,"283":2,"288":1,"289":1,"291":1,"296":1,"303":1,"306":1,"307":1,"310":1,"311":1,"313":1,"314":1,"315":1,"316":1,"317":1,"318":1,"319":1,"321":1,"322":1,"324":1}},"/home/travis/build/npmtest/node-npmtest-datastructures-js/node_modules/datastructures-js/index.js":{"path":"/home/travis/build/npmtest/node-npmtest-datastructures-js/node_modules/datastructures-js/index.js","s":{"1":1,"2":1,"3":1,"4":1,"5":0,"6":0,"7":1,"8":0,"9":0,"10":1,"11":0,"12":0,"13":1,"14":0,"15":0,"16":1,"17":0,"18":0,"19":1,"20":0,"21":0,"22":1,"23":0,"24":0,"25":1,"26":0,"27":0,"28":1,"29":0,"30":0,"31":1},"b":{},"f":{"1":1,"2":0,"3":0,"4":0,"5":0,"6":0,"7":0,"8":0,"9":0,"10":0},"fnMap":{"1":{"name":"(anonymous_1)","line":12,"loc":{"start":{"line":12,"column":18},"end":{"line":12,"column":29}}},"2":{"name":"(anonymous_2)","line":16,"loc":{"start":{"line":16,"column":17},"end":{"line":16,"column":28}}},"3":{"name":"(anonymous_3)","line":21,"loc":{"start":{"line":21,"column":17},"end":{"line":21,"column":28}}},"4":{"name":"(anonymous_4)","line":26,"loc":{"start":{"line":26,"column":25},"end":{"line":26,"column":36}}},"5":{"name":"(anonymous_5)","line":31,"loc":{"start":{"line":31,"column":15},"end":{"line":31,"column":26}}},"6":{"name":"(anonymous_6)","line":36,"loc":{"start":{"line":36,"column":22},"end":{"line":36,"column":33}}},"7":{"name":"(anonymous_7)","line":41,"loc":{"start":{"line":41,"column":28},"end":{"line":41,"column":39}}},"8":{"name":"(anonymous_8)","line":46,"loc":{"start":{"line":46,"column":21},"end":{"line":46,"column":32}}},"9":{"name":"(anonymous_9)","line":51,"loc":{"start":{"line":51,"column":28},"end":{"line":51,"column":39}}},"10":{"name":"(anonymous_10)","line":56,"loc":{"start":{"line":56,"column":25},"end":{"line":56,"column":36}}}},"statementMap":{"1":{"start":{"line":10,"column":0},"end":{"line":10,"column":25}},"2":{"start":{"line":12,"column":0},"end":{"line":63,"column":5}},"3":{"start":{"line":14,"column":4},"end":{"line":14,"column":18}},"4":{"start":{"line":16,"column":4},"end":{"line":19,"column":6}},"5":{"start":{"line":17,"column":8},"end":{"line":17,"column":51}},"6":{"start":{"line":18,"column":8},"end":{"line":18,"column":38}},"7":{"start":{"line":21,"column":4},"end":{"line":24,"column":6}},"8":{"start":{"line":22,"column":8},"end":{"line":22,"column":51}},"9":{"start":{"line":23,"column":8},"end":{"line":23,"column":38}},"10":{"start":{"line":26,"column":4},"end":{"line":29,"column":6}},"11":{"start":{"line":27,"column":8},"end":{"line":27,"column":59}},"12":{"start":{"line":28,"column":8},"end":{"line":28,"column":46}},"13":{"start":{"line":31,"column":4},"end":{"line":34,"column":6}},"14":{"start":{"line":32,"column":8},"end":{"line":32,"column":39}},"15":{"start":{"line":33,"column":8},"end":{"line":33,"column":36}},"16":{"start":{"line":36,"column":4},"end":{"line":39,"column":6}},"17":{"start":{"line":37,"column":8},"end":{"line":37,"column":53}},"18":{"start":{"line":38,"column":8},"end":{"line":38,"column":43}},"19":{"start":{"line":41,"column":4},"end":{"line":44,"column":6}},"20":{"start":{"line":42,"column":8},"end":{"line":42,"column":65}},"21":{"start":{"line":43,"column":8},"end":{"line":43,"column":49}},"22":{"start":{"line":46,"column":4},"end":{"line":49,"column":6}},"23":{"start":{"line":47,"column":8},"end":{"line":47,"column":51}},"24":{"start":{"line":48,"column":8},"end":{"line":48,"column":42}},"25":{"start":{"line":51,"column":4},"end":{"line":54,"column":6}},"26":{"start":{"line":52,"column":8},"end":{"line":52,"column":65}},"27":{"start":{"line":53,"column":8},"end":{"line":53,"column":49}},"28":{"start":{"line":56,"column":4},"end":{"line":59,"column":6}},"29":{"start":{"line":57,"column":7},"end":{"line":57,"column":66}},"30":{"start":{"line":58,"column":8},"end":{"line":58,"column":46}},"31":{"start":{"line":61,"column":4},"end":{"line":61,"column":16}}},"branchMap":{},"code":["/*!"," * datastructures-js"," * index (main module object)"," * Copyright(c) 2015 Eyas Ranjous <eyas@eyasranjous.info>"," * MIT Licensed"," */","","'use strict';","","var di = require('./di');","","module.exports = (function() {","","    var self = {};","","    self.stack = function() {","        var stack = di.getFactory('ds', 'stack')();","        return di.exportObject(stack);","    };","","    self.queue = function() {","        var queue = di.getFactory('ds', 'queue')();","        return di.exportObject(queue);","    };","","    self.priorityQueue = function() {","        var priorityQueue = di.getPriorityQueueFactory()();","        return di.exportObject(priorityQueue);","    };","","    self.set = function() {","        var set = di.getSetFactory()();","        return di.exportObject(set);","    };","","    self.linkedList = function() {","        var linkedList = di.getLinkedListFactory()();","        return di.exportObject(linkedList);","    };","","    self.doublyLinkedList = function() {","        var doublyLinkedList = di.getDoublyLinkedListFactory()();","        return di.exportObject(doublyLinkedList);","    };","","    self.hashtable = function() {","        var hashtable = di.getHashtableFactory()();","        return di.exportObject(hashtable);","    };","","    self.binarySearchTree = function() {","        var binarySearchTree = di.getBinarySearchTreeFactory()();","        return di.exportObject(binarySearchTree);","    };","","    self.directedGraph = function() {","       var directedGraph = di.getFactory('ds', 'directedGraph')();","        return di.exportObject(directedGraph);","    };","","    return self;","","}());"],"l":{"10":1,"12":1,"14":1,"16":1,"17":0,"18":0,"21":1,"22":0,"23":0,"26":1,"27":0,"28":0,"31":1,"32":0,"33":0,"36":1,"37":0,"38":0,"41":1,"42":0,"43":0,"46":1,"47":0,"48":0,"51":1,"52":0,"53":0,"56":1,"57":0,"58":0,"61":1}},"/home/travis/build/npmtest/node-npmtest-datastructures-js/node_modules/datastructures-js/di.js":{"path":"/home/travis/build/npmtest/node-npmtest-datastructures-js/node_modules/datastructures-js/di.js","s":{"1":1,"2":1,"3":1,"4":1,"5":0,"6":1,"7":0,"8":1,"9":0,"10":0,"11":1,"12":0,"13":0,"14":1,"15":0,"16":0,"17":1,"18":0,"19":0,"20":1,"21":0,"22":0,"23":1,"24":0,"25":0,"26":1,"27":0,"28":0,"29":1,"30":0,"31":0,"32":1,"33":0,"34":0,"35":1},"b":{},"f":{"1":1,"2":0,"3":0,"4":0,"5":0,"6":0,"7":0,"8":0,"9":0,"10":0,"11":0,"12":0},"fnMap":{"1":{"name":"(anonymous_1)","line":17,"loc":{"start":{"line":17,"column":18},"end":{"line":17,"column":29}}},"2":{"name":"(anonymous_2)","line":21,"loc":{"start":{"line":21,"column":24},"end":{"line":21,"column":38}}},"3":{"name":"(anonymous_3)","line":25,"loc":{"start":{"line":25,"column":22},"end":{"line":25,"column":51}}},"4":{"name":"(anonymous_4)","line":29,"loc":{"start":{"line":29,"column":32},"end":{"line":29,"column":43}}},"5":{"name":"(anonymous_5)","line":34,"loc":{"start":{"line":34,"column":29},"end":{"line":34,"column":40}}},"6":{"name":"(anonymous_6)","line":39,"loc":{"start":{"line":39,"column":29},"end":{"line":39,"column":40}}},"7":{"name":"(anonymous_7)","line":44,"loc":{"start":{"line":44,"column":25},"end":{"line":44,"column":36}}},"8":{"name":"(anonymous_8)","line":49,"loc":{"start":{"line":49,"column":35},"end":{"line":49,"column":46}}},"9":{"name":"(anonymous_9)","line":54,"loc":{"start":{"line":54,"column":32},"end":{"line":54,"column":43}}},"10":{"name":"(anonymous_10)","line":59,"loc":{"start":{"line":59,"column":38},"end":{"line":59,"column":49}}},"11":{"name":"(anonymous_11)","line":65,"loc":{"start":{"line":65,"column":31},"end":{"line":65,"column":42}}},"12":{"name":"(anonymous_12)","line":73,"loc":{"start":{"line":73,"column":38},"end":{"line":73,"column":49}}}},"statementMap":{"1":{"start":{"line":10,"column":0},"end":{"line":15,"column":2}},"2":{"start":{"line":17,"column":0},"end":{"line":79,"column":5}},"3":{"start":{"line":19,"column":4},"end":{"line":19,"column":18}},"4":{"start":{"line":21,"column":4},"end":{"line":23,"column":6}},"5":{"start":{"line":22,"column":8},"end":{"line":22,"column":28}},"6":{"start":{"line":25,"column":4},"end":{"line":27,"column":6}},"7":{"start":{"line":26,"column":8},"end":{"line":26,"column":55}},"8":{"start":{"line":29,"column":4},"end":{"line":32,"column":6}},"9":{"start":{"line":30,"column":8},"end":{"line":30,"column":65}},"10":{"start":{"line":31,"column":8},"end":{"line":31,"column":78}},"11":{"start":{"line":34,"column":4},"end":{"line":37,"column":6}},"12":{"start":{"line":35,"column":8},"end":{"line":35,"column":68}},"13":{"start":{"line":36,"column":8},"end":{"line":36,"column":78}},"14":{"start":{"line":39,"column":4},"end":{"line":42,"column":6}},"15":{"start":{"line":40,"column":8},"end":{"line":40,"column":54}},"16":{"start":{"line":41,"column":8},"end":{"line":41,"column":73}},"17":{"start":{"line":44,"column":4},"end":{"line":47,"column":6}},"18":{"start":{"line":45,"column":8},"end":{"line":45,"column":65}},"19":{"start":{"line":46,"column":8},"end":{"line":46,"column":63}},"20":{"start":{"line":49,"column":4},"end":{"line":52,"column":6}},"21":{"start":{"line":50,"column":8},"end":{"line":50,"column":53}},"22":{"start":{"line":51,"column":8},"end":{"line":51,"column":63}},"23":{"start":{"line":54,"column":4},"end":{"line":57,"column":6}},"24":{"start":{"line":55,"column":8},"end":{"line":55,"column":68}},"25":{"start":{"line":56,"column":8},"end":{"line":56,"column":68}},"26":{"start":{"line":59,"column":4},"end":{"line":63,"column":6}},"27":{"start":{"line":60,"column":8},"end":{"line":61,"column":54}},"28":{"start":{"line":62,"column":8},"end":{"line":62,"column":87}},"29":{"start":{"line":65,"column":4},"end":{"line":71,"column":6}},"30":{"start":{"line":66,"column":8},"end":{"line":68,"column":60}},"31":{"start":{"line":69,"column":8},"end":{"line":70,"column":62}},"32":{"start":{"line":73,"column":4},"end":{"line":76,"column":6}},"33":{"start":{"line":74,"column":8},"end":{"line":74,"column":54}},"34":{"start":{"line":75,"column":8},"end":{"line":75,"column":75}},"35":{"start":{"line":78,"column":4},"end":{"line":78,"column":16}}},"branchMap":{},"code":["/*!"," * datastructures-js"," * dependency container"," * Copyright(c) 2015 Eyas Ranjous <eyas@eyasranjous.info>"," * MIT Licensed"," */","","'use strict';","","var modules = {","    itr: require('./lib/iterators'),","    nd: require('./lib/nodes'),","    ds: require('./lib/dataStructures'),","    hlp: require('./lib/helpers')","};","","module.exports = (function() {","","    var self = {};","","    self.exportObject = function(obj) {","        return obj.export();","    };","","    self.getFactory = function(module, name, args) {","        return modules[module][name].apply(null, args);","    };","","    self.getHtIteratorFactory = function() {","        var iteratorFactory = this.getFactory('itr', 'iterator');","        return this.getFactory('itr', 'hashtableIterator', [iteratorFactory]);","    };","","    self.getDllNodeFactory = function() {","        var llNodeFactory = this.getFactory('nd', 'linkedListNode');","        return this.getFactory('nd', 'doublyLinkedListNode', [llNodeFactory]);","    };","","    self.getBstNodeFactory = function() {","        var dllNodeFactory = this.getDllNodeFactory();","        return this.getFactory('nd', 'binaryTreeNode', [dllNodeFactory]);","    };","","    self.getSetFactory = function() {","        var iteratorFactory = this.getFactory('itr', 'iterator');","        return this.getFactory('ds', 'set', [iteratorFactory]);","    };","","    self.getPriorityQueueFactory = function() {","        var queue = this.getFactory('ds', 'queue')();","        return this.getFactory('ds', 'priorityQueue', [queue]);","    };","","    self.getLinkedListFactory = function() {","        var llNodeFactory = this.getFactory('nd', 'linkedListNode');","        return this.getFactory('ds', 'linkedList', [llNodeFactory]);","    };","","    self.getDoublyLinkedListFactory = function() {","        var linkedList = this.getFactory('ds', 'linkedList')(),","            dllNodeFactory = this.getDllNodeFactory();","        return this.getFactory('ds', 'doublyLinkedList', [dllNodeFactory, linkedList]);","    };","","    self.getHashtableFactory = function() {","        var htPairFactory = this.getFactory('nd', 'hashTablePair'),","            hashFunction = this.getFactory('hlp', 'sumCharsHash', [31, 104729]),","            htIteratorFactory = this.getHtIteratorFactory();","        return this.getFactory('ds', 'hashtable', ","            [htPairFactory, htIteratorFactory, hashFunction]);","    };","","    self.getBinarySearchTreeFactory = function() {","        var bstNodeFactory = this.getBstNodeFactory();","        return this.getFactory('ds', 'binarySearchTree', [bstNodeFactory]);","    };","","    return self;","}());"],"l":{"10":1,"17":1,"19":1,"21":1,"22":0,"25":1,"26":0,"29":1,"30":0,"31":0,"34":1,"35":0,"36":0,"39":1,"40":0,"41":0,"44":1,"45":0,"46":0,"49":1,"50":0,"51":0,"54":1,"55":0,"56":0,"59":1,"60":0,"62":0,"65":1,"66":0,"69":0,"73":1,"74":0,"75":0,"78":1}},"/home/travis/build/npmtest/node-npmtest-datastructures-js/node_modules/datastructures-js/lib/iterators/index.js":{"path":"/home/travis/build/npmtest/node-npmtest-datastructures-js/node_modules/datastructures-js/lib/iterators/index.js","s":{"1":1},"b":{},"f":{},"fnMap":{},"statementMap":{"1":{"start":{"line":10,"column":0},"end":{"line":13,"column":2}}},"branchMap":{},"code":["/*!"," * datastructures-js"," * index (iterators module object)"," * Copyright(c) 2015 Eyas Ranjous <eyas@eyasranjous.info>"," * MIT Licensed"," */","","'use strict';","","module.exports = {","    iterator: require('./iterator'),","    hashtableIterator: require('./hashtableIterator')","};"],"l":{"10":1}},"/home/travis/build/npmtest/node-npmtest-datastructures-js/node_modules/datastructures-js/lib/iterators/iterator.js":{"path":"/home/travis/build/npmtest/node-npmtest-datastructures-js/node_modules/datastructures-js/lib/iterators/iterator.js","s":{"1":1,"2":0,"3":0,"4":0,"5":0,"6":0,"7":0,"8":0,"9":0,"10":0,"11":0,"12":0,"13":0,"14":0,"15":0,"16":0,"17":0,"18":0,"19":0},"b":{"1":[0,0],"2":[0,0],"3":[0,0]},"f":{"1":0,"2":0,"3":0,"4":0,"5":0},"fnMap":{"1":{"name":"(anonymous_1)","line":10,"loc":{"start":{"line":10,"column":17},"end":{"line":10,"column":28}}},"2":{"name":"(anonymous_2)","line":12,"loc":{"start":{"line":12,"column":11},"end":{"line":12,"column":30}}},"3":{"name":"(anonymous_3)","line":18,"loc":{"start":{"line":18,"column":23},"end":{"line":18,"column":34}}},"4":{"name":"(anonymous_4)","line":26,"loc":{"start":{"line":26,"column":20},"end":{"line":26,"column":31}}},"5":{"name":"(anonymous_5)","line":37,"loc":{"start":{"line":37,"column":22},"end":{"line":37,"column":33}}}},"statementMap":{"1":{"start":{"line":10,"column":0},"end":{"line":48,"column":2}},"2":{"start":{"line":12,"column":4},"end":{"line":46,"column":6}},"3":{"start":{"line":14,"column":8},"end":{"line":16,"column":10}},"4":{"start":{"line":18,"column":8},"end":{"line":24,"column":10}},"5":{"start":{"line":19,"column":12},"end":{"line":19,"column":54}},"6":{"start":{"line":20,"column":12},"end":{"line":22,"column":13}},"7":{"start":{"line":21,"column":16},"end":{"line":21,"column":28}},"8":{"start":{"line":23,"column":12},"end":{"line":23,"column":25}},"9":{"start":{"line":26,"column":8},"end":{"line":34,"column":10}},"10":{"start":{"line":27,"column":12},"end":{"line":27,"column":45}},"11":{"start":{"line":28,"column":12},"end":{"line":32,"column":13}},"12":{"start":{"line":29,"column":16},"end":{"line":29,"column":52}},"13":{"start":{"line":30,"column":16},"end":{"line":30,"column":29}},"14":{"start":{"line":31,"column":16},"end":{"line":31,"column":26}},"15":{"start":{"line":33,"column":12},"end":{"line":33,"column":24}},"16":{"start":{"line":37,"column":8},"end":{"line":43,"column":10}},"17":{"start":{"line":38,"column":12},"end":{"line":38,"column":28}},"18":{"start":{"line":39,"column":12},"end":{"line":42,"column":14}},"19":{"start":{"line":45,"column":8},"end":{"line":45,"column":20}}},"branchMap":{"1":{"line":20,"type":"if","locations":[{"start":{"line":20,"column":12},"end":{"line":20,"column":12}},{"start":{"line":20,"column":12},"end":{"line":20,"column":12}}]},"2":{"line":20,"type":"binary-expr","locations":[{"start":{"line":20,"column":16},"end":{"line":20,"column":26}},{"start":{"line":20,"column":30},"end":{"line":20,"column":49}}]},"3":{"line":28,"type":"if","locations":[{"start":{"line":28,"column":12},"end":{"line":28,"column":12}},{"start":{"line":28,"column":12},"end":{"line":28,"column":12}}]}},"code":["/*!"," * datastructures-js"," * iterator"," * Copyright(c) 2015 Eyas Ranjous <eyas@eyasranjous.info>"," * MIT Licensed"," */","","'use strict';","","module.exports = function() {","","    return function(elements) {","        ","        var self = {","            index: 0","        };","","        self.hasNext = function() {","            var length = Object.keys(elements).length;","            if (length > 0 && this.index < length) {","                return true;","            }","            return false;","        };","","        self.next = function() {","            var keys = Object.keys(elements);","            if (this.hasNext()) {","                var el = elements[keys[this.index]];","                this.index++;","                return el;","            }","            return null;","        };","","        // export the iterator api","        self.export = function() {","            var that = this;","            return {","                hasNext: that.hasNext.bind(that),","                next: that.next.bind(that)","            };","        };","","        return self;","    };","","};"],"l":{"10":1,"12":0,"14":0,"18":0,"19":0,"20":0,"21":0,"23":0,"26":0,"27":0,"28":0,"29":0,"30":0,"31":0,"33":0,"37":0,"38":0,"39":0,"45":0}},"/home/travis/build/npmtest/node-npmtest-datastructures-js/node_modules/datastructures-js/lib/iterators/hashtableIterator.js":{"path":"/home/travis/build/npmtest/node-npmtest-datastructures-js/node_modules/datastructures-js/lib/iterators/hashtableIterator.js","s":{"1":1,"2":0,"3":0,"4":0,"5":0,"6":0,"7":0,"8":0,"9":0,"10":0,"11":0,"12":0,"13":0,"14":0,"15":0,"16":0,"17":0,"18":0,"19":0},"b":{"1":[0,0],"2":[0,0,0,0],"3":[0,0],"4":[0,0],"5":[0,0],"6":[0,0],"7":[0,0],"8":[0,0]},"f":{"1":0,"2":0,"3":0,"4":0},"fnMap":{"1":{"name":"(anonymous_1)","line":10,"loc":{"start":{"line":10,"column":17},"end":{"line":10,"column":43}}},"2":{"name":"(anonymous_2)","line":12,"loc":{"start":{"line":12,"column":11},"end":{"line":12,"column":30}}},"3":{"name":"(anonymous_3)","line":19,"loc":{"start":{"line":19,"column":23},"end":{"line":19,"column":34}}},"4":{"name":"(anonymous_4)","line":28,"loc":{"start":{"line":28,"column":20},"end":{"line":28,"column":31}}}},"statementMap":{"1":{"start":{"line":10,"column":0},"end":{"line":45,"column":2}},"2":{"start":{"line":12,"column":4},"end":{"line":44,"column":6}},"3":{"start":{"line":14,"column":8},"end":{"line":15,"column":44}},"4":{"start":{"line":17,"column":8},"end":{"line":17,"column":34}},"5":{"start":{"line":19,"column":8},"end":{"line":26,"column":10}},"6":{"start":{"line":20,"column":12},"end":{"line":20,"column":54}},"7":{"start":{"line":21,"column":12},"end":{"line":24,"column":13}},"8":{"start":{"line":23,"column":16},"end":{"line":23,"column":28}},"9":{"start":{"line":25,"column":12},"end":{"line":25,"column":25}},"10":{"start":{"line":28,"column":8},"end":{"line":41,"column":10}},"11":{"start":{"line":29,"column":12},"end":{"line":31,"column":13}},"12":{"start":{"line":30,"column":16},"end":{"line":30,"column":71}},"13":{"start":{"line":32,"column":12},"end":{"line":38,"column":13}},"14":{"start":{"line":33,"column":16},"end":{"line":33,"column":49}},"15":{"start":{"line":35,"column":17},"end":{"line":38,"column":13}},"16":{"start":{"line":36,"column":16},"end":{"line":36,"column":42}},"17":{"start":{"line":37,"column":16},"end":{"line":37,"column":35}},"18":{"start":{"line":40,"column":12},"end":{"line":40,"column":24}},"19":{"start":{"line":43,"column":8},"end":{"line":43,"column":20}}},"branchMap":{"1":{"line":21,"type":"if","locations":[{"start":{"line":21,"column":12},"end":{"line":21,"column":12}},{"start":{"line":21,"column":12},"end":{"line":21,"column":12}}]},"2":{"line":21,"type":"binary-expr","locations":[{"start":{"line":21,"column":17},"end":{"line":21,"column":27}},{"start":{"line":21,"column":31},"end":{"line":21,"column":50}},{"start":{"line":22,"column":17},"end":{"line":22,"column":35}},{"start":{"line":22,"column":39},"end":{"line":22,"column":67}}]},"3":{"line":29,"type":"if","locations":[{"start":{"line":29,"column":12},"end":{"line":29,"column":12}},{"start":{"line":29,"column":12},"end":{"line":29,"column":12}}]},"4":{"line":29,"type":"binary-expr","locations":[{"start":{"line":29,"column":16},"end":{"line":29,"column":35}},{"start":{"line":29,"column":39},"end":{"line":29,"column":53}}]},"5":{"line":32,"type":"if","locations":[{"start":{"line":32,"column":12},"end":{"line":32,"column":12}},{"start":{"line":32,"column":12},"end":{"line":32,"column":12}}]},"6":{"line":32,"type":"binary-expr","locations":[{"start":{"line":32,"column":16},"end":{"line":32,"column":34}},{"start":{"line":32,"column":38},"end":{"line":32,"column":66}}]},"7":{"line":35,"type":"if","locations":[{"start":{"line":35,"column":17},"end":{"line":35,"column":17}},{"start":{"line":35,"column":17},"end":{"line":35,"column":17}}]},"8":{"line":35,"type":"binary-expr","locations":[{"start":{"line":35,"column":21},"end":{"line":35,"column":35}},{"start":{"line":35,"column":39},"end":{"line":35,"column":68}}]}},"code":["/*!"," * datastructures-js"," * hashtableIterator"," * Copyright(c) 2015 Eyas Ranjous <eyas@eyasranjous.info>"," * MIT Licensed"," */","","'use strict';","","module.exports = function(iteratorFactory) {","","    return function(elements) {","        ","        var prototype = iteratorFactory(elements), ","            self = Object.create(prototype);","","        self.chainIterator = null;","","        self.hasNext = function() {","            var length = Object.keys(elements).length;","            if ((length > 0 && this.index < length) || ","                (this.chainIterator && this.chainIterator.hasNext())) {","                return true;","            }","            return false;","        };","","        self.next = function() {","            if (!this.chainIterator && this.hasNext()) {","                this.chainIterator = iteratorFactory(prototype.next());","            }","            if (this.chainIterator && this.chainIterator.hasNext()) {","                return this.chainIterator.next();","            }","            else if (this.hasNext() && !this.chainIterator.hasNext()) {","                this.chainIterator = null;","                return this.next();","            }","","            return null;","        };","        ","        return self;","    };","};"],"l":{"10":1,"12":0,"14":0,"17":0,"19":0,"20":0,"21":0,"23":0,"25":0,"28":0,"29":0,"30":0,"32":0,"33":0,"35":0,"36":0,"37":0,"40":0,"43":0}},"/home/travis/build/npmtest/node-npmtest-datastructures-js/node_modules/datastructures-js/lib/nodes/index.js":{"path":"/home/travis/build/npmtest/node-npmtest-datastructures-js/node_modules/datastructures-js/lib/nodes/index.js","s":{"1":1},"b":{},"f":{},"fnMap":{},"statementMap":{"1":{"start":{"line":10,"column":0},"end":{"line":15,"column":2}}},"branchMap":{},"code":["/*!"," * datastructures-js"," * index (nodes module object)"," * Copyright(c) 2015 Eyas Ranjous <eyas@eyasranjous.info>"," * MIT Licensed"," */","","'use strict';","","module.exports = {","    binaryTreeNode: require('./binaryTreeNode'),","    hashTablePair: require('./hashTablePair'),","    linkedListNode: require('./linkedListNode'),","    doublyLinkedListNode: require('./doublyLinkedListNode')","};"],"l":{"10":1}},"/home/travis/build/npmtest/node-npmtest-datastructures-js/node_modules/datastructures-js/lib/nodes/binaryTreeNode.js":{"path":"/home/travis/build/npmtest/node-npmtest-datastructures-js/node_modules/datastructures-js/lib/nodes/binaryTreeNode.js","s":{"1":1,"2":0,"3":0,"4":0,"5":0,"6":0,"7":0,"8":0,"9":0,"10":0,"11":0},"b":{},"f":{"1":0,"2":0,"3":0},"fnMap":{"1":{"name":"(anonymous_1)","line":10,"loc":{"start":{"line":10,"column":17},"end":{"line":10,"column":42}}},"2":{"name":"(anonymous_2)","line":12,"loc":{"start":{"line":12,"column":11},"end":{"line":12,"column":40}}},"3":{"name":"(anonymous_3)","line":23,"loc":{"start":{"line":23,"column":22},"end":{"line":23,"column":33}}}},"statementMap":{"1":{"start":{"line":10,"column":0},"end":{"line":34,"column":2}},"2":{"start":{"line":12,"column":4},"end":{"line":33,"column":6}},"3":{"start":{"line":14,"column":8},"end":{"line":15,"column":44}},"4":{"start":{"line":17,"column":8},"end":{"line":17,"column":36}},"5":{"start":{"line":18,"column":8},"end":{"line":18,"column":37}},"6":{"start":{"line":19,"column":8},"end":{"line":19,"column":36}},"7":{"start":{"line":20,"column":8},"end":{"line":20,"column":37}},"8":{"start":{"line":23,"column":8},"end":{"line":30,"column":10}},"9":{"start":{"line":24,"column":12},"end":{"line":24,"column":41}},"10":{"start":{"line":25,"column":12},"end":{"line":29,"column":14}},"11":{"start":{"line":32,"column":8},"end":{"line":32,"column":20}}},"branchMap":{},"code":["/*!"," * datastructures-js"," * binaryTreeNode"," * Copyright(c) 2015 Eyas Ranjous <eyas@eyasranjous.info>"," * MIT Licensed"," */","","'use strict';","","module.exports = function(dllNodeFactory) {","","    return function(left, right, value) {","        ","        var prototype = dllNodeFactory(left, right, value),","            self = Object.create(prototype);","","        self.setLeft = self.setPrev;","        self.setRight = self.setNext;","        self.getLeft = self.getPrev;","        self.getRight = self.getNext;","","        // export the binaryTreeNode api (reuse the doublyLinkedListNode export)","        self.export = function() {","            var exp = prototype.export();","            return {","                getRight: exp.getNext,","                getLeft: exp.getPrev,","                getValue: exp.getValue","            };","        };","","        return self;","    };","};"],"l":{"10":1,"12":0,"14":0,"17":0,"18":0,"19":0,"20":0,"23":0,"24":0,"25":0,"32":0}},"/home/travis/build/npmtest/node-npmtest-datastructures-js/node_modules/datastructures-js/lib/nodes/hashTablePair.js":{"path":"/home/travis/build/npmtest/node-npmtest-datastructures-js/node_modules/datastructures-js/lib/nodes/hashTablePair.js","s":{"1":1,"2":0,"3":0,"4":0,"5":0,"6":0,"7":0,"8":0,"9":0,"10":0,"11":0,"12":0,"13":0},"b":{},"f":{"1":0,"2":0,"3":0,"4":0,"5":0,"6":0},"fnMap":{"1":{"name":"(anonymous_1)","line":10,"loc":{"start":{"line":10,"column":17},"end":{"line":10,"column":28}}},"2":{"name":"(anonymous_2)","line":12,"loc":{"start":{"line":12,"column":11},"end":{"line":12,"column":34}}},"3":{"name":"(anonymous_3)","line":18,"loc":{"start":{"line":18,"column":22},"end":{"line":18,"column":33}}},"4":{"name":"(anonymous_4)","line":22,"loc":{"start":{"line":22,"column":24},"end":{"line":22,"column":36}}},"5":{"name":"(anonymous_5)","line":26,"loc":{"start":{"line":26,"column":24},"end":{"line":26,"column":35}}},"6":{"name":"(anonymous_6)","line":31,"loc":{"start":{"line":31,"column":22},"end":{"line":31,"column":33}}}},"statementMap":{"1":{"start":{"line":10,"column":0},"end":{"line":41,"column":2}},"2":{"start":{"line":12,"column":4},"end":{"line":40,"column":6}},"3":{"start":{"line":14,"column":8},"end":{"line":16,"column":23}},"4":{"start":{"line":18,"column":8},"end":{"line":20,"column":10}},"5":{"start":{"line":19,"column":12},"end":{"line":19,"column":23}},"6":{"start":{"line":22,"column":8},"end":{"line":24,"column":10}},"7":{"start":{"line":23,"column":12},"end":{"line":23,"column":22}},"8":{"start":{"line":26,"column":8},"end":{"line":28,"column":10}},"9":{"start":{"line":27,"column":12},"end":{"line":27,"column":25}},"10":{"start":{"line":31,"column":8},"end":{"line":37,"column":10}},"11":{"start":{"line":32,"column":12},"end":{"line":32,"column":28}},"12":{"start":{"line":33,"column":12},"end":{"line":36,"column":14}},"13":{"start":{"line":39,"column":8},"end":{"line":39,"column":20}}},"branchMap":{},"code":["/*!"," * datastructures-js"," * hashTablePair"," * Copyright(c) 2015 Eyas Ranjous <eyas@eyasranjous.info>"," * MIT Licensed"," */","","'use strict';","","module.exports = function() {","","    return function(key_, value_) {","        ","        var self = {},","            value = value_,","            key = key_;","","        self.getKey = function() {","            return key;","        };","","        self.setValue = function(v) {","            value = v;","        };","","        self.getValue = function() {","            return value;","        };","","        // export the hashTablePair api","        self.export = function() {","            var that = this;","            return {","                getKey: that.getKey,","                getValue: that.getValue","            };","        };","","        return self;","    };","};"],"l":{"10":1,"12":0,"14":0,"18":0,"19":0,"22":0,"23":0,"26":0,"27":0,"31":0,"32":0,"33":0,"39":0}},"/home/travis/build/npmtest/node-npmtest-datastructures-js/node_modules/datastructures-js/lib/nodes/linkedListNode.js":{"path":"/home/travis/build/npmtest/node-npmtest-datastructures-js/node_modules/datastructures-js/lib/nodes/linkedListNode.js","s":{"1":1,"2":0,"3":0,"4":0,"5":0,"6":0,"7":0,"8":0,"9":0,"10":0,"11":0,"12":0,"13":0,"14":0,"15":0,"16":0,"17":0,"18":0,"19":0,"20":0},"b":{"1":[0,0]},"f":{"1":0,"2":0,"3":0,"4":0,"5":0,"6":0,"7":0,"8":0,"9":0},"fnMap":{"1":{"name":"(anonymous_1)","line":10,"loc":{"start":{"line":10,"column":17},"end":{"line":10,"column":28}}},"2":{"name":"(anonymous_2)","line":12,"loc":{"start":{"line":12,"column":11},"end":{"line":12,"column":35}}},"3":{"name":"(anonymous_3)","line":18,"loc":{"start":{"line":18,"colu
[...]
12},"end":{"line":58,"column":71}},"27":{"start":{"line":61,"column":8},"end":{"line":61,"column":20}}},"branchMap":{"1":{"line":19,"type":"if","locations":[{"start":{"line":19,"column":16},"end":{"line":19,"column":16}},{"start":{"line":19,"column":16},"end":{"line":19,"column":16}}]},"2":{"line":24,"type":"if","locations":[{"start":{"line":24,"column":24},"end":{"line":24,"column":24}},{"start":{"line":24,"column":24},"end":{"line":24,"column":24}}]},"3":{"line":35,"type":"if","locations":[{"start":{"line":35,"column":12},"end":{"line":35,"column":12}},{"start":{"line":35,"column":12},"end":{"line":35,"column":12}}]},"4":{"line":48,"type":"cond-expr","locations":[{"start":{"line":49,"column":16},"end":{"line":49,"column":68}},{"start":{"line":49,"column":71},"end":{"line":49,"column":75}}]},"5":{"line":53,"type":"cond-expr","locations":[{"start":{"line":53,"column":37},"end":{"line":53,"column":61}},{"start":{"line":53,"column":64},"end":{"line":53,"column":68}}]},"6":{"line":57,"type":"cond-expr","locations":[{"start":{"line":58,"column":16},"end":{"line":58,"column":63}},{"start":{"line":58,"column":66},"end":{"line":58,"column":70}}]}},"code":["/*!"," * datastructures-js"," * priorityQueue"," * Copyright(c) 2015 Eyas Ranjous <eyas@eyasranjous.info>"," * MIT Licensed"," */","","'use strict';","","module.exports = function(queue) {","","    return function() {","        ","        var self = Object.create(queue);","","        // determine the top priority element","        var getTopPriorityIndex = function() {","                var  length = self.elements.length;","                if (length > 0) {","                    var topPriorityIndex = 0;","                    var topPriority = self.elements[0].priority;","                    for (var i = 1; i < length; i++) {","                        var priority = self.elements[i].priority;","                        if (priority < topPriority) {","                            topPriorityIndex = i;","                            topPriority = priority;","                        }","                    }","                    return topPriorityIndex;","                }","                return -1;      ","            };","","        self.enqueue = function(element, priority) {","            if (isNaN(parseInt(priority))) {","                throw {","                    message: 'priority should be a number'","                };","            }","            this.elements.push({ // element is pushed as an object with a priority","                element: element,","                priority: priority","            });","        };","","        self.dequeue = function() {","            var topPriorityIndex = getTopPriorityIndex();","            return topPriorityIndex > -1 ? ","                this.elements.splice(topPriorityIndex, 1)[0].element : null;","        };","","        self.front = function() {","            return !this.isEmpty() ? this.elements[0].element : null;","        };","","        self.back = function() {","            return !self.isEmpty() ? ","                this.elements[this.elements.length - 1].element : null;","        };","","        return self;        ","    };","","};"],"l":{"10":1,"12":0,"14":0,"17":0,"18":0,"19":0,"20":0,"21":0,"22":0,"23":0,"24":0,"25":0,"26":0,"29":0,"31":0,"34":0,"35":0,"36":0,"40":0,"46":0,"47":0,"48":0,"52":0,"53":0,"56":0,"57":0,"61":0}},"/home/travis/build/npmtest/node-npmtest-datastructures-js/node_modules/datastructures-js/lib/dataStructures/set.js":{"path":"/home/travis/build/npmtest/node-npmtest-datastructures-js/node_modules/datastructures-js/lib/dataStructures/set.js","s":{"1":1,"2":0,"3":0,"4":0,"5":0,"6":0,"7":0,"8":0,"9":0,"10":0,"11":0,"12":0,"13":0,"14":0,"15":0,"16":0,"17":0,"18":0,"19":0,"20":0,"21":0,"22":0,"23":0,"24":0,"25":0,"26":0,"27":0,"28":0,"29":0,"30":0,"31":0,"32":0,"33":0,"34":0,"35":0,"36":0,"37":0,"38":0,"39":0,"40":0,"41":0,"42":0,"43":0,"44":0,"45":0,"46":0,"47":0,"48":0,"49":0,"50":0,"51":0},"b":{"1":[0,0],"2":[0,0],"3":[0,0],"4":[0,0],"5":[0,0],"6":[0,0],"7":[0,0],"8":[0,0]},"f":{"1":0,"2":0,"3":0,"4":0,"5":0,"6":0,"7":0,"8":0,"9":0,"10":0,"11":0,"12":0,"13":0,"14":0},"fnMap":{"1":{"name":"(anonymous_1)","line":10,"loc":{"start":{"line":10,"column":17},"end":{"line":10,"column":36}}},"2":{"name":"(anonymous_2)","line":12,"loc":{"start":{"line":12,"column":14},"end":{"line":12,"column":25}}},"3":{"name":"(anonymous_3)","line":17,"loc":{"start":{"line":17,"column":19},"end":{"line":17,"column":37}}},"4":{"name":"(anonymous_4)","line":23,"loc":{"start":{"line":23,"column":22},"end":{"line":23,"column":39}}},"5":{"name":"(anonymous_5)","line":30,"loc":{"start":{"line":30,"column":24},"end":{"line":30,"column":35}}},"6":{"name":"(anonymous_6)","line":34,"loc":{"start":{"line":34,"column":22},"end":{"line":34,"column":33}}},"7":{"name":"(anonymous_7)","line":38,"loc":{"start":{"line":38,"column":20},"end":{"line":38,"column":30}}},"8":{"name":"(anonymous_8)","line":42,"loc":{"start":{"line":42,"column":24},"end":{"line":42,"column":42}}},"9":{"name":"(anonymous_9)","line":46,"loc":{"start":{"line":46,"column":21},"end":{"line":46,"column":33}}},"10":{"name":"(anonymous_10)","line":54,"loc":{"start":{"line":54,"column":25},"end":{"line":54,"column":37}}},"11":{"name":"(anonymous_11)","line":64,"loc":{"start":{"line":64,"column":26},"end":{"line":64,"column":38}}},"12":{"name":"(anonymous_12)","line":74,"loc":{"start":{"line":74,"column":24},"end":{"line":74,"column":36}}},"13":{"name":"(anonymous_13)","line":86,"loc":{"start":{"line":86,"column":21},"end":{"line":86,"column":32}}},"14":{"name":"(anonymous_14)","line":95,"loc":{"start":{"line":95,"column":22},"end":{"line":95,"column":33}}}},"statementMap":{"1":{"start":{"line":10,"column":0},"end":{"line":103,"column":2}},"2":{"start":{"line":12,"column":4},"end":{"line":100,"column":6}},"3":{"start":{"line":14,"column":8},"end":{"line":15,"column":26}},"4":{"start":{"line":17,"column":8},"end":{"line":21,"column":10}},"5":{"start":{"line":18,"column":12},"end":{"line":20,"column":13}},"6":{"start":{"line":19,"column":16},"end":{"line":19,"column":39}},"7":{"start":{"line":23,"column":8},"end":{"line":28,"column":10}},"8":{"start":{"line":24,"column":12},"end":{"line":24,"column":50}},"9":{"start":{"line":25,"column":12},"end":{"line":27,"column":13}},"10":{"start":{"line":26,"column":16},"end":{"line":26,"column":42}},"11":{"start":{"line":30,"column":8},"end":{"line":32,"column":10}},"12":{"start":{"line":31,"column":12},"end":{"line":31,"column":47}},"13":{"start":{"line":34,"column":8},"end":{"line":36,"column":10}},"14":{"start":{"line":35,"column":12},"end":{"line":35,"column":54}},"15":{"start":{"line":38,"column":8},"end":{"line":40,"column":10}},"16":{"start":{"line":39,"column":12},"end":{"line":39,"column":35}},"17":{"start":{"line":42,"column":8},"end":{"line":44,"column":10}},"18":{"start":{"line":43,"column":12},"end":{"line":43,"column":67}},"19":{"start":{"line":46,"column":8},"end":{"line":52,"column":10}},"20":{"start":{"line":47,"column":12},"end":{"line":47,"column":38}},"21":{"start":{"line":48,"column":12},"end":{"line":50,"column":13}},"22":{"start":{"line":49,"column":16},"end":{"line":49,"column":43}},"23":{"start":{"line":51,"column":12},"end":{"line":51,"column":29}},"24":{"start":{"line":54,"column":8},"end":{"line":62,"column":10}},"25":{"start":{"line":55,"column":12},"end":{"line":55,"column":34}},"26":{"start":{"line":56,"column":12},"end":{"line":60,"column":13}},"27":{"start":{"line":57,"column":16},"end":{"line":59,"column":17}},"28":{"start":{"line":58,"column":20},"end":{"line":58,"column":47}},"29":{"start":{"line":61,"column":12},"end":{"line":61,"column":29}},"30":{"start":{"line":64,"column":8},"end":{"line":72,"column":10}},"31":{"start":{"line":65,"column":12},"end":{"line":65,"column":34}},"32":{"start":{"line":66,"column":12},"end":{"line":70,"column":13}},"33":{"start":{"line":67,"column":16},"end":{"line":69,"column":17}},"34":{"start":{"line":68,"column":20},"end":{"line":68,"column":47}},"35":{"start":{"line":71,"column":12},"end":{"line":71,"column":29}},"36":{"start":{"line":74,"column":8},"end":{"line":84,"column":10}},"37":{"start":{"line":75,"column":12},"end":{"line":82,"column":13}},"38":{"start":{"line":76,"column":16},"end":{"line":80,"column":17}},"39":{"start":{"line":77,"column":20},"end":{"line":79,"column":21}},"40":{"start":{"line":78,"column":24},"end":{"line":78,"column":37}},"41":{"start":{"line":81,"column":16},"end":{"line":81,"column":28}},"42":{"start":{"line":83,"column":12},"end":{"line":83,"column":25}},"43":{"start":{"line":86,"column":8},"end":{"line":92,"column":10}},"44":{"start":{"line":87,"column":12},"end":{"line":87,"column":26}},"45":{"start":{"line":88,"column":12},"end":{"line":90,"column":13}},"46":{"start":{"line":89,"column":16},"end":{"line":89,"column":35}},"47":{"start":{"line":91,"column":12},"end":{"line":91,"column":21}},"48":{"start":{"line":95,"column":8},"end":{"line":97,"column":10}},"49":{"start":{"line":96,"column":12},"end":{"line":96,"column":24}},"50":{"start":{"line":99,"column":8},"end":{"line":99,"column":20}},"51":{"start":{"line":102,"column":4},"end":{"line":102,"column":15}}},"branchMap":{"1":{"line":18,"type":"if","locations":[{"start":{"line":18,"column":12},"end":{"line":18,"column":12}},{"start":{"line":18,"column":12},"end":{"line":18,"column":12}}]},"2":{"line":25,"type":"if","locations":[{"start":{"line":25,"column":12},"end":{"line":25,"column":12}},{"start":{"line":25,"column":12},"end":{"line":25,"column":12}}]},"3":{"line":35,"type":"cond-expr","locations":[{"start":{"line":35,"column":41},"end":{"line":35,"column":46}},{"start":{"line":35,"column":49},"end":{"line":35,"column":53}}]},"4":{"line":43,"type":"cond-expr","locations":[{"start":{"line":43,"column":54},"end":{"line":43,"column":58}},{"start":{"line":43,"column":61},"end":{"line":43,"column":66}}]},"5":{"line":57,"type":"if","locations":[{"start":{"line":57,"column":16},"end":{"line":57,"column":16}},{"start":{"line":57,"column":16},"end":{"line":57,"column":16}}]},"6":{"line":67,"type":"if","locations":[{"start":{"line":67,"column":16},"end":{"line":67,"column":16}},{"start":{"line":67,"column":16},"end":{"line":67,"column":16}}]},"7":{"line":75,"type":"if","locations":[{"start":{"line":75,"column":12},"end":{"line":75,"column":12}},{"start":{"line":75,"column":12},"end":{"line":75,"column":12}}]},"8":{"line":77,"type":"if","locations":[{"start":{"line":77,"column":20},"end":{"line":77,"column":20}},{"start":{"line":77,"column":20},"end":{"line":77,"column":20}}]}},"code":["/*!"," * datastructures-js"," * set"," * Copyright(c) 2015 Eyas Ranjous <eyas@eyasranjous.info>"," * MIT Licensed"," */","","'use strict';","","module.exports = function(iterator) {","","    var set = function() {","","        var self = {},","            elements = [];","","        self.add = function(element) {","            if (elements.indexOf(element) === -1) {","                elements.push(element);","            }","        };","","        self.remove = function(element){ ","            var index = elements.indexOf(element);","            if (index !== -1) {","                elements.splice(index, 1);","            }","        };","","        self.iterator = function() {","            return iterator(elements).export();","        };","","        self.isEmpty =function() {","            return elements.length > 0 ? false : true;","        };","","        self.size = function(){","            return elements.length;","        };","","        self.contains = function(element) {","            return elements.indexOf(element) !== -1 ? true : false;","        };","","        self.union = function(s) {","            var resultSet = s.clone();","            for (var i = 0; i < elements.length; i++) {","                resultSet.add(elements[i]);","            }","            return resultSet;","        };","","        self.intersect = function(s) {","            var resultSet = set();","            for (var i = 0; i < elements.length; i++) {","                if (s.contains(elements[i])) {","                    resultSet.add(elements[i]);","                }","            }","            return resultSet;","        };","","        self.difference = function(s) {","            var resultSet = set();","            for (var i = 0; i < elements.length; i++) {","                if (!s.contains(elements[i])) {","                    resultSet.add(elements[i]);","                }","            }","            return resultSet;  ","        };","","        self.isSubset = function(s) {","            if (elements.length <= s.size()) {","                for (var i = 0; i < elements.length; i++) {","                    if (!s.contains(elements[i])) {","                        return false;","                    }","                }","                return true;","            }","            return false;","        };","","        self.clone = function() {","            var s = set();","            for (var i = 0; i < elements.length; i++) {","                s.add(elements[i]);","            }","            return s;","        };","","        // export the set api","        self.export = function() {","            return this;","        };","","        return self;","    };","","    return set;","};"],"l":{"10":1,"12":0,"14":0,"17":0,"18":0,"19":0,"23":0,"24":0,"25":0,"26":0,"30":0,"31":0,"34":0,"35":0,"38":0,"39":0,"42":0,"43":0,"46":0,"47":0,"48":0,"49":0,"51":0,"54":0,"55":0,"56":0,"57":0,"58":0,"61":0,"64":0,"65":0,"66":0,"67":0,"68":0,"71":0,"74":0,"75":0,"76":0,"77":0,"78":0,"81":0,"83":0,"86":0,"87":0,"88":0,"89":0,"91":0,"95":0,"96":0,"99":0,"102":0}},"/home/travis/build/npmtest/node-npmtest-datastructures-js/node_modules/datastructures-js/lib/dataStructures/stack.js":{"path":"/home/travis/build/npmtest/node-npmtest-datastructures-js/node_modules/datastructures-js/lib/dataStructures/stack.js","s":{"1":1,"2":0,"3":0,"4":0,"5":0,"6":0,"7":0,"8":0,"9":0,"10":0,"11":0,"12":0,"13":0,"14":0,"15":0,"16":0},"b":{"1":[0,0],"2":[0,0],"3":[0,0]},"f":{"1":0,"2":0,"3":0,"4":0,"5":0,"6":0,"7":0,"8":0},"fnMap":{"1":{"name":"(anonymous_1)","line":10,"loc":{"start":{"line":10,"column":17},"end":{"line":10,"column":28}}},"2":{"name":"(anonymous_2)","line":12,"loc":{"start":{"line":12,"column":11},"end":{"line":12,"column":22}}},"3":{"name":"(anonymous_3)","line":18,"loc":{"start":{"line":18,"column":23},"end":{"line":18,"column":34}}},"4":{"name":"(anonymous_4)","line":22,"loc":{"start":{"line":22,"column":22},"end":{"line":22,"column":33}}},"5":{"name":"(anonymous_5)","line":26,"loc":{"start":{"line":26,"column":20},"end":{"line":26,"column":38}}},"6":{"name":"(anonymous_6)","line":30,"loc":{"start":{"line":30,"column":20},"end":{"line":30,"column":31}}},"7":{"name":"(anonymous_7)","line":34,"loc":{"start":{"line":34,"column":20},"end":{"line":34,"column":31}}},"8":{"name":"(anonymous_8)","line":39,"loc":{"start":{"line":39,"column":22},"end":{"line":39,"column":33}}}},"statementMap":{"1":{"start":{"line":10,"column":0},"end":{"line":45,"column":2}},"2":{"start":{"line":12,"column":4},"end":{"line":44,"column":6}},"3":{"start":{"line":14,"column":8},"end":{"line":16,"column":26}},"4":{"start":{"line":18,"column":8},"end":{"line":20,"column":10}},"5":{"start":{"line":19,"column":12},"end":{"line":19,"column":42}},"6":{"start":{"line":22,"column":8},"end":{"line":24,"column":10}},"7":{"start":{"line":23,"column":12},"end":{"line":23,"column":23}},"8":{"start":{"line":26,"column":8},"end":{"line":28,"column":10}},"9":{"start":{"line":27,"column":12},"end":{"line":27,"column":38}},"10":{"start":{"line":30,"column":8},"end":{"line":32,"column":10}},"11":{"start":{"line":31,"column":12},"end":{"line":31,"column":65}},"12":{"start":{"line":34,"column":8},"end":{"line":36,"column":10}},"13":{"start":{"line":35,"column":12},"end":{"line":35,"column":52}},"14":{"start":{"line":39,"column":8},"end":{"line":41,"column":10}},"15":{"start":{"line":40,"column":12},"end":{"line":40,"column":24}},"16":{"start":{"line":43,"column":8},"end":{"line":43,"column":20}}},"branchMap":{"1":{"line":19,"type":"cond-expr","locations":[{"start":{"line":19,"column":29},"end":{"line":19,"column":34}},{"start":{"line":19,"column":37},"end":{"line":19,"column":41}}]},"2":{"line":31,"type":"cond-expr","locations":[{"start":{"line":31,"column":29},"end":{"line":31,"column":57}},{"start":{"line":31,"column":60},"end":{"line":31,"column":64}}]},"3":{"line":35,"type":"cond-expr","locations":[{"start":{"line":35,"column":29},"end":{"line":35,"column":44}},{"start":{"line":35,"column":47},"end":{"line":35,"column":51}}]}},"code":["/*!"," * datastructures-js"," * stack"," * Copyright(c) 2015 Eyas Ranjous <eyas@eyasranjous.info>"," * MIT Licensed"," */"," ","'use strict';","","module.exports = function() {","","    return function() {","        ","        var self = {},","            top = 0,","            elements = [];","","        self.isEmpty = function() {","            return top > 0 ? false : true;","        };","","        self.length = function() {","            return top;","        };","        ","        self.push = function(element) {","            elements[top++] = element;","        };","","        self.pop =  function() {","            return top > 0 ? elements.splice(--top, 1)[0] : null;","        };","","        self.peek = function() {","            return top > 0 ? elements[top-1] : null;","        };","","        // export the stack api","        self.export = function() {","            return this;","        };","","        return self;","    };","};"],"l":{"10":1,"12":0,"14":0,"18":0,"19":0,"22":0,"23":0,"26":0,"27":0,"30":0,"31":0,"34":0,"35":0,"39":0,"40":0,"43":0}},"/home/travis/build/npmtest/node-npmtest-datastructures-js/node_modules/datastructures-js/lib/helpers/index.js":{"path":"/home/travis/build/npmtest/node-npmtest-datastructures-js/node_modules/datastructures-js/lib/helpers/index.js","s":{"1":1},"b":{},"f":{},"fnMap":{},"statementMap":{"1":{"start":{"line":10,"column":0},"end":{"line":12,"column":2}}},"branchMap":{},"code":["/*!"," * datastructures-js"," * index (helpers module)"," * Copyright(c) 2015 Eyas Ranjous <eyas@eyasranjous.info>"," * MIT Licensed"," */","","'use strict';","","module.exports = {","    sumCharsHash: require('./sumCharsHash')","};"],"l":{"10":1}},"/home/travis/build/npmtest/node-npmtest-datastructures-js/node_modules/datastructures-js/lib/helpers/sumCharsHash.js":{"path":"/home/travis/build/npmtest/node-npmtest-datastructures-js/node_modules/datastructures-js/lib/helpers/sumCharsHash.js","s":{"1":1,"2":0,"3":0,"4":0,"5":0,"6":0,"7":0},"b":{},"f":{"1":0,"2":0},"fnMap":{"1":{"name":"(anonymous_1)","line":10,"loc":{"start":{"line":10,"column":17},"end":{"line":10,"column":32}}},"2":{"name":"(anonymous_2)","line":12,"loc":{"start":{"line":12,"column":11},"end":{"line":12,"column":27}}}},"statementMap":{"1":{"start":{"line":10,"column":0},"end":{"line":24,"column":2}},"2":{"start":{"line":12,"column":4},"end":{"line":22,"column":6}},"3":{"start":{"line":14,"column":8},"end":{"line":14,"column":20}},"4":{"start":{"line":16,"column":8},"end":{"line":16,"column":33}},"5":{"start":{"line":17,"column":8},"end":{"line":19,"column":9}},"6":{"start":{"line":18,"column":12},"end":{"line":18,"column":50}},"7":{"start":{"line":21,"column":8},"end":{"line":21,"column":23}}},"branchMap":{},"code":["/*!"," * datastructures-js"," * helpers/sumCharsHash"," * Copyright(c) 2015 Eyas Ranjous <eyas@eyasranjous.info>"," * MIT Licensed"," */","","'use strict';","","module.exports = function(H, P) {","","    return function(value) {","        ","        var sum = 0;","","        value = value.toString();","        for (var i = 0; i < value.length; i++) {","            sum = (H * sum) + value.charCodeAt(i);","        }","","        return sum % P;","    };","","};"],"l":{"10":1,"12":0,"14":0,"16":0,"17":0,"18":0,"21":0}}}